<?xml version="1.0" encoding="utf-8"?><TestRun id="4c67e33a-5c3e-4aff-931a-bccae5cc31c8" name="andrew@ANDREW97 2018-10-06 21:43:41" runUser="ANDREW97\andrew" xmlns="http://microsoft.com/schemas/VisualStudio/TeamTest/2010"><Times creation="2018-10-06T21:43:41.3583230+03:00" queuing="2018-10-06T21:43:41.3583230+03:00" start="2018-10-06T21:43:39.4374089+03:00" finish="2018-10-06T21:43:41.4054232+03:00" /><TestSettings name="default" id="aa0a678d-96bf-4db9-9df6-ef2627323dd8"><Deployment runDeploymentRoot="andrew_ANDREW97_2018-10-06_21_43_41" /></TestSettings><Results><UnitTestResult executionId="ec303c93-8908-4d97-bb59-142a734e1dba" testId="24e1d2ba-820c-4614-ab40-a47922cac35c" testName="Data.Tests.ManagerTest.When_ManagerIsInstantiatedWithStartDateSmallerThanNowAndEndDateSmallerThanNow_Then_IsActiveShouldReturnFalse" computerName="ANDREW97" duration="00:00:00.0010000" startTime="2018-10-06T21:43:41.2424712+03:00" endTime="2018-10-06T21:43:41.2424712+03:00" testType="13cdc9d9-ddb5-4fa4-a97d-d965ccfc6d4b" outcome="Passed" testListId="8c84fa94-04c1-424b-9868-57a2d4851a1d" relativeResultsDirectory="ec303c93-8908-4d97-bb59-142a734e1dba" /><UnitTestResult executionId="3cb9e8d4-55f2-45f7-af2b-bb523e5279ea" testId="bc94a7c6-79a0-4d41-9d55-04ecd663902a" testName="Data.Tests.ArchitectTest.When_ArchitectIsInstantiatedWithFirstNameJohnAndLastNameDoe_Then_GetFullNameShouldReturnJohn_Doe" computerName="ANDREW97" duration="00:00:00.0020000" startTime="2018-10-06T21:43:41.2896553+03:00" endTime="2018-10-06T21:43:41.2896553+03:00" testType="13cdc9d9-ddb5-4fa4-a97d-d965ccfc6d4b" outcome="Passed" testListId="8c84fa94-04c1-424b-9868-57a2d4851a1d" relativeResultsDirectory="3cb9e8d4-55f2-45f7-af2b-bb523e5279ea" /><UnitTestResult executionId="d3aa1969-88ed-4ee1-9a34-94091f3fc006" testId="b3ec1075-e607-409d-8ef5-92b7e0e6a26c" testName="Data.Tests.ArchitectTest.When_ArchitectIsInstantiatedWithStartDateGreaterThanNowAndEndDateSmallerThanNow_Then_IsActiveShouldReturnFalse" computerName="ANDREW97" duration="00:00:00.0010000" startTime="2018-10-06T21:43:41.2893298+03:00" endTime="2018-10-06T21:43:41.2893302+03:00" testType="13cdc9d9-ddb5-4fa4-a97d-d965ccfc6d4b" outcome="Passed" testListId="8c84fa94-04c1-424b-9868-57a2d4851a1d" relativeResultsDirectory="d3aa1969-88ed-4ee1-9a34-94091f3fc006" /><UnitTestResult executionId="013e9ecf-451d-4495-8e52-6007da489495" testId="308a2333-e7ed-4153-9b8e-bd2f9cc11f48" testName="Data.Tests.ArchitectTest.When_ArchitectIsInstantiatedWithStartDateSmallerThanNowAndEndDateGreaterThanNow_Then_IsActiveShouldReturnTrue" computerName="ANDREW97" duration="00:00:00.0010000" startTime="2018-10-06T21:43:41.2897421+03:00" endTime="2018-10-06T21:43:41.2897421+03:00" testType="13cdc9d9-ddb5-4fa4-a97d-d965ccfc6d4b" outcome="Passed" testListId="8c84fa94-04c1-424b-9868-57a2d4851a1d" relativeResultsDirectory="013e9ecf-451d-4495-8e52-6007da489495" /><UnitTestResult executionId="2f620620-4470-4332-a040-fe59a8cbfb28" testId="b1a1c1bc-c7dd-4cc8-a061-a11b3a942f36" testName="Data.Tests.ArchitectTest.When_ArchitectIsInstantiatedWithStartDateSmallerThanNowAndEndDateSmallerThanNow_Then_IsActiveShouldReturnFalse" computerName="ANDREW97" duration="00:00:00.0110000" startTime="2018-10-06T21:43:41.2389739+03:00" endTime="2018-10-06T21:43:41.2389739+03:00" testType="13cdc9d9-ddb5-4fa4-a97d-d965ccfc6d4b" outcome="Passed" testListId="8c84fa94-04c1-424b-9868-57a2d4851a1d" relativeResultsDirectory="2f620620-4470-4332-a040-fe59a8cbfb28" /><UnitTestResult executionId="f7013a4b-d2dd-46a1-8e7c-649732dd6fbb" testId="66788464-3a8e-478f-a39f-e7682b4a91d2" testName="Data.Tests.ProductTest.When_ProductIsInstantiated_Then_Check" computerName="ANDREW97" duration="00:00:00.0100000" startTime="2018-10-06T21:43:41.2425589+03:00" endTime="2018-10-06T21:43:41.2425589+03:00" testType="13cdc9d9-ddb5-4fa4-a97d-d965ccfc6d4b" outcome="Passed" testListId="8c84fa94-04c1-424b-9868-57a2d4851a1d" relativeResultsDirectory="f7013a4b-d2dd-46a1-8e7c-649732dd6fbb" /><UnitTestResult executionId="0bf89e69-7838-4cb8-9021-2a5103ee4ace" testId="c32af875-c062-446d-a4c3-7968cedd3db3" testName="Data.Tests.ManagerTest.When_ManagerIsInstantiatedWithFirstNameJohnAndLastNameDoe_Then_GetFullNameShouldReturnJohn_Doe" computerName="ANDREW97" duration="00:00:00.0020000" startTime="2018-10-06T21:43:41.2896412+03:00" endTime="2018-10-06T21:43:41.2896412+03:00" testType="13cdc9d9-ddb5-4fa4-a97d-d965ccfc6d4b" outcome="Passed" testListId="8c84fa94-04c1-424b-9868-57a2d4851a1d" relativeResultsDirectory="0bf89e69-7838-4cb8-9021-2a5103ee4ace" /><UnitTestResult executionId="f03cc521-fdb1-4590-986a-16db5b50d605" testId="eb1bc575-d172-4c1c-9ddf-a0356b49210f" testName="Data.Tests.ManagerTest.When_ManagerIsInstantiated_Then_Check" computerName="ANDREW97" duration="00:00:00.0090000" startTime="2018-10-06T21:43:41.2425294+03:00" endTime="2018-10-06T21:43:41.2425294+03:00" testType="13cdc9d9-ddb5-4fa4-a97d-d965ccfc6d4b" outcome="Passed" testListId="8c84fa94-04c1-424b-9868-57a2d4851a1d" relativeResultsDirectory="f03cc521-fdb1-4590-986a-16db5b50d605" /><UnitTestResult executionId="cd0e1fd8-bb55-4197-be73-0e7fef2eb29b" testId="c4d57bed-998f-4276-953b-d98f0859017f" testName="Data.Tests.ManagerTest.When_ManagerIsInstantiatedWithStartDateGreaterThanNowAndEndDateSmallerThanNow_Then_IsActiveShouldReturnFalse" computerName="ANDREW97" duration="00:00:00.0010000" startTime="2018-10-06T21:43:41.2416091+03:00" endTime="2018-10-06T21:43:41.2416095+03:00" testType="13cdc9d9-ddb5-4fa4-a97d-d965ccfc6d4b" outcome="Passed" testListId="8c84fa94-04c1-424b-9868-57a2d4851a1d" relativeResultsDirectory="cd0e1fd8-bb55-4197-be73-0e7fef2eb29b" /><UnitTestResult executionId="e1dc87ef-a0d3-4fa6-97f9-bfdd2e194c2a" testId="10dbfc1f-609c-41cc-8c6c-4d6d961daa7d" testName="Data.Tests.ManagerTest.When_ManagerIsInstantiatedWithStartDateSmallerThanNowAndEndDateGreaterThanNow_Then_IsActiveShouldReturnTrue" computerName="ANDREW97" duration="00:00:00.0110000" startTime="2018-10-06T21:43:41.2304986+03:00" endTime="2018-10-06T21:43:41.2305046+03:00" testType="13cdc9d9-ddb5-4fa4-a97d-d965ccfc6d4b" outcome="Passed" testListId="8c84fa94-04c1-424b-9868-57a2d4851a1d" relativeResultsDirectory="e1dc87ef-a0d3-4fa6-97f9-bfdd2e194c2a" /><UnitTestResult executionId="e3d4729c-021c-4444-9ffe-cb5dcbd9df77" testId="02077623-a562-4973-95e6-e2b0c7c6e68f" testName="Data.Tests.ArchitectTest.When_ArchitectIsInstantiatedWithStartDateGreaterThanNowAndEndDateGreaterThanNow_Then_IsActiveShouldReturnFalse" computerName="ANDREW97" duration="00:00:00.0010000" startTime="2018-10-06T21:43:41.2898122+03:00" endTime="2018-10-06T21:43:41.2898122+03:00" testType="13cdc9d9-ddb5-4fa4-a97d-d965ccfc6d4b" outcome="Passed" testListId="8c84fa94-04c1-424b-9868-57a2d4851a1d" relativeResultsDirectory="e3d4729c-021c-4444-9ffe-cb5dcbd9df77" /><UnitTestResult executionId="cd6359c6-5fc9-48bb-8fb9-c1af6a0a9ab9" testId="e7a50102-bf79-4295-bc8d-b072a03756bd" testName="Data.Tests.ProductTest.When_ProductIsInstantiatedWithEndDateSmallerThenStartDate_Then_IsValidShouldReturnFalse" computerName="ANDREW97" duration="00:00:00.0010000" startTime="2018-10-06T21:43:41.2896168+03:00" endTime="2018-10-06T21:43:41.2896168+03:00" testType="13cdc9d9-ddb5-4fa4-a97d-d965ccfc6d4b" outcome="Passed" testListId="8c84fa94-04c1-424b-9868-57a2d4851a1d" relativeResultsDirectory="cd6359c6-5fc9-48bb-8fb9-c1af6a0a9ab9" /><UnitTestResult executionId="b7315cc9-026e-4744-9afb-6d4cf5a3cf37" testId="10d8878d-7359-44fa-958c-baa0d0d57ab0" testName="Data.Tests.ProductTest.When_ProductIsInstantiatedWithEndDateGreaterThenStartDate_Then_IsValidShouldReturnTrue" computerName="ANDREW97" duration="00:00:00.0010000" startTime="2018-10-06T21:43:41.2895625+03:00" endTime="2018-10-06T21:43:41.2895629+03:00" testType="13cdc9d9-ddb5-4fa4-a97d-d965ccfc6d4b" outcome="Passed" testListId="8c84fa94-04c1-424b-9868-57a2d4851a1d" relativeResultsDirectory="b7315cc9-026e-4744-9afb-6d4cf5a3cf37" /><UnitTestResult executionId="2d85c9cc-10f0-4807-a249-4d2e9f54d59d" testId="1151fdcb-0d18-4758-a95e-f3a5fad01754" testName="Data.Tests.ArchitectTest.When_ArchitectIsInstantiated_Then_Check" computerName="ANDREW97" duration="00:00:00.0100000" startTime="2018-10-06T21:43:41.2425405+03:00" endTime="2018-10-06T21:43:41.2425405+03:00" testType="13cdc9d9-ddb5-4fa4-a97d-d965ccfc6d4b" outcome="Passed" testListId="8c84fa94-04c1-424b-9868-57a2d4851a1d" relativeResultsDirectory="2d85c9cc-10f0-4807-a249-4d2e9f54d59d" /><UnitTestResult executionId="325e34a1-421a-405b-b690-645eeab4d161" testId="e12e5424-d729-4aa0-a55c-a31d4bbb26ac" testName="Data.Tests.ProductTest.When_ProductIsInstantiatedWithPrice10AndVat20_Then_ComputeVatShouldReturn2" computerName="ANDREW97" duration="00:00:00.0120000" startTime="2018-10-06T21:43:41.2390115+03:00" endTime="2018-10-06T21:43:41.2390119+03:00" testType="13cdc9d9-ddb5-4fa4-a97d-d965ccfc6d4b" outcome="Passed" testListId="8c84fa94-04c1-424b-9868-57a2d4851a1d" relativeResultsDirectory="325e34a1-421a-405b-b690-645eeab4d161" /><UnitTestResult executionId="c6a490b8-140a-4d99-b77d-032796e83e80" testId="6463a948-f0fe-45f1-aa01-953f84ffda05" testName="Data.Tests.ManagerTest.When_ManagerIsInstantiatedWithStartDateGreaterThanNowAndEndDateGreaterThanNow_Then_IsActiveShouldReturnFalse" computerName="ANDREW97" duration="00:00:00.0010000" startTime="2018-10-06T21:43:41.2897887+03:00" endTime="2018-10-06T21:43:41.2897887+03:00" testType="13cdc9d9-ddb5-4fa4-a97d-d965ccfc6d4b" outcome="Passed" testListId="8c84fa94-04c1-424b-9868-57a2d4851a1d" relativeResultsDirectory="c6a490b8-140a-4d99-b77d-032796e83e80" /></Results><TestDefinitions><UnitTest name="Data.Tests.ProductTest.When_ProductIsInstantiatedWithEndDateGreaterThenStartDate_Then_IsValidShouldReturnTrue" storage="c:\users\andrew\desktop\costandache mihai-andrei a1 - laborator 1 (test framework diferit)\data.tests\bin\debug\netcoreapp2.1\data.tests.dll" id="10d8878d-7359-44fa-958c-baa0d0d57ab0"><Execution id="b7315cc9-026e-4744-9afb-6d4cf5a3cf37" /><TestMethod codeBase="C:\Users\andrew\Desktop\Costandache Mihai-Andrei A1 - laborator 1 (test framework diferit)\Data.Tests\bin\Debug\netcoreapp2.1\Data.Tests.dll" adapterTypeName="executor://xunit/VsTestRunner2/netcoreapp" className="Data.Tests.ProductTest" name="Data.Tests.ProductTest.When_ProductIsInstantiatedWithEndDateGreaterThenStartDate_Then_IsValidShouldReturnTrue" /></UnitTest><UnitTest name="Data.Tests.ArchitectTest.When_ArchitectIsInstantiatedWithStartDateSmallerThanNowAndEndDateSmallerThanNow_Then_IsActiveShouldReturnFalse" storage="c:\users\andrew\desktop\costandache mihai-andrei a1 - laborator 1 (test framework diferit)\data.tests\bin\debug\netcoreapp2.1\data.tests.dll" id="b1a1c1bc-c7dd-4cc8-a061-a11b3a942f36"><Execution id="2f620620-4470-4332-a040-fe59a8cbfb28" /><TestMethod codeBase="C:\Users\andrew\Desktop\Costandache Mihai-Andrei A1 - laborator 1 (test framework diferit)\Data.Tests\bin\Debug\netcoreapp2.1\Data.Tests.dll" adapterTypeName="executor://xunit/VsTestRunner2/netcoreapp" className="Data.Tests.ArchitectTest" name="Data.Tests.ArchitectTest.When_ArchitectIsInstantiatedWithStartDateSmallerThanNowAndEndDateSmallerThanNow_Then_IsActiveShouldReturnFalse" /></UnitTest><UnitTest name="Data.Tests.ProductTest.When_ProductIsInstantiated_Then_Check" storage="c:\users\andrew\desktop\costandache mihai-andrei a1 - laborator 1 (test framework diferit)\data.tests\bin\debug\netcoreapp2.1\data.tests.dll" id="66788464-3a8e-478f-a39f-e7682b4a91d2"><Execution id="f7013a4b-d2dd-46a1-8e7c-649732dd6fbb" /><TestMethod codeBase="C:\Users\andrew\Desktop\Costandache Mihai-Andrei A1 - laborator 1 (test framework diferit)\Data.Tests\bin\Debug\netcoreapp2.1\Data.Tests.dll" adapterTypeName="executor://xunit/VsTestRunner2/netcoreapp" className="Data.Tests.ProductTest" name="Data.Tests.ProductTest.When_ProductIsInstantiated_Then_Check" /></UnitTest><UnitTest name="Data.Tests.ArchitectTest.When_ArchitectIsInstantiated_Then_Check" storage="c:\users\andrew\desktop\costandache mihai-andrei a1 - laborator 1 (test framework diferit)\data.tests\bin\debug\netcoreapp2.1\data.tests.dll" id="1151fdcb-0d18-4758-a95e-f3a5fad01754"><Execution id="2d85c9cc-10f0-4807-a249-4d2e9f54d59d" /><TestMethod codeBase="C:\Users\andrew\Desktop\Costandache Mihai-Andrei A1 - laborator 1 (test framework diferit)\Data.Tests\bin\Debug\netcoreapp2.1\Data.Tests.dll" adapterTypeName="executor://xunit/VsTestRunner2/netcoreapp" className="Data.Tests.ArchitectTest" name="Data.Tests.ArchitectTest.When_ArchitectIsInstantiated_Then_Check" /></UnitTest><UnitTest name="Data.Tests.ManagerTest.When_ManagerIsInstantiatedWithStartDateGreaterThanNowAndEndDateSmallerThanNow_Then_IsActiveShouldReturnFalse" storage="c:\users\andrew\desktop\costandache mihai-andrei a1 - laborator 1 (test framework diferit)\data.tests\bin\debug\netcoreapp2.1\data.tests.dll" id="c4d57bed-998f-4276-953b-d98f0859017f"><Execution id="cd0e1fd8-bb55-4197-be73-0e7fef2eb29b" /><TestMethod codeBase="C:\Users\andrew\Desktop\Costandache Mihai-Andrei A1 - laborator 1 (test framework diferit)\Data.Tests\bin\Debug\netcoreapp2.1\Data.Tests.dll" adapterTypeName="executor://xunit/VsTestRunner2/netcoreapp" className="Data.Tests.ManagerTest" name="Data.Tests.ManagerTest.When_ManagerIsInstantiatedWithStartDateGreaterThanNowAndEndDateSmallerThanNow_Then_IsActiveShouldReturnFalse" /></UnitTest><UnitTest name="Data.Tests.ManagerTest.When_ManagerIsInstantiatedWithStartDateSmallerThanNowAndEndDateGreaterThanNow_Then_IsActiveShouldReturnTrue" storage="c:\users\andrew\desktop\costandache mihai-andrei a1 - laborator 1 (test framework diferit)\data.tests\bin\debug\netcoreapp2.1\data.tests.dll" id="10dbfc1f-609c-41cc-8c6c-4d6d961daa7d"><Execution id="e1dc87ef-a0d3-4fa6-97f9-bfdd2e194c2a" /><TestMethod codeBase="C:\Users\andrew\Desktop\Costandache Mihai-Andrei A1 - laborator 1 (test framework diferit)\Data.Tests\bin\Debug\netcoreapp2.1\Data.Tests.dll" adapterTypeName="executor://xunit/VsTestRunner2/netcoreapp" className="Data.Tests.ManagerTest" name="Data.Tests.ManagerTest.When_ManagerIsInstantiatedWithStartDateSmallerThanNowAndEndDateGreaterThanNow_Then_IsActiveShouldReturnTrue" /></UnitTest><UnitTest name="Data.Tests.ArchitectTest.When_ArchitectIsInstantiatedWithStartDateSmallerThanNowAndEndDateGreaterThanNow_Then_IsActiveShouldReturnTrue" storage="c:\users\andrew\desktop\costandache mihai-andrei a1 - laborator 1 (test framework diferit)\data.tests\bin\debug\netcoreapp2.1\data.tests.dll" id="308a2333-e7ed-4153-9b8e-bd2f9cc11f48"><Execution id="013e9ecf-451d-4495-8e52-6007da489495" /><TestMethod codeBase="C:\Users\andrew\Desktop\Costandache Mihai-Andrei A1 - laborator 1 (test framework diferit)\Data.Tests\bin\Debug\netcoreapp2.1\Data.Tests.dll" adapterTypeName="executor://xunit/VsTestRunner2/netcoreapp" className="Data.Tests.ArchitectTest" name="Data.Tests.ArchitectTest.When_ArchitectIsInstantiatedWithStartDateSmallerThanNowAndEndDateGreaterThanNow_Then_IsActiveShouldReturnTrue" /></UnitTest><UnitTest name="Data.Tests.ManagerTest.When_ManagerIsInstantiatedWithStartDateGreaterThanNowAndEndDateGreaterThanNow_Then_IsActiveShouldReturnFalse" storage="c:\users\andrew\desktop\costandache mihai-andrei a1 - laborator 1 (test framework diferit)\data.tests\bin\debug\netcoreapp2.1\data.tests.dll" id="6463a948-f0fe-45f1-aa01-953f84ffda05"><Execution id="c6a490b8-140a-4d99-b77d-032796e83e80" /><TestMethod codeBase="C:\Users\andrew\Desktop\Costandache Mihai-Andrei A1 - laborator 1 (test framework diferit)\Data.Tests\bin\Debug\netcoreapp2.1\Data.Tests.dll" adapterTypeName="executor://xunit/VsTestRunner2/netcoreapp" className="Data.Tests.ManagerTest" name="Data.Tests.ManagerTest.When_ManagerIsInstantiatedWithStartDateGreaterThanNowAndEndDateGreaterThanNow_Then_IsActiveShouldReturnFalse" /></UnitTest><UnitTest name="Data.Tests.ProductTest.When_ProductIsInstantiatedWithPrice10AndVat20_Then_ComputeVatShouldReturn2" storage="c:\users\andrew\desktop\costandache mihai-andrei a1 - laborator 1 (test framework diferit)\data.tests\bin\debug\netcoreapp2.1\data.tests.dll" id="e12e5424-d729-4aa0-a55c-a31d4bbb26ac"><Execution id="325e34a1-421a-405b-b690-645eeab4d161" /><TestMethod codeBase="C:\Users\andrew\Desktop\Costandache Mihai-Andrei A1 - laborator 1 (test framework diferit)\Data.Tests\bin\Debug\netcoreapp2.1\Data.Tests.dll" adapterTypeName="executor://xunit/VsTestRunner2/netcoreapp" className="Data.Tests.ProductTest" name="Data.Tests.ProductTest.When_ProductIsInstantiatedWithPrice10AndVat20_Then_ComputeVatShouldReturn2" /></UnitTest><UnitTest name="Data.Tests.ManagerTest.When_ManagerIsInstantiatedWithStartDateSmallerThanNowAndEndDateSmallerThanNow_Then_IsActiveShouldReturnFalse" storage="c:\users\andrew\desktop\costandache mihai-andrei a1 - laborator 1 (test framework diferit)\data.tests\bin\debug\netcoreapp2.1\data.tests.dll" id="24e1d2ba-820c-4614-ab40-a47922cac35c"><Execution id="ec303c93-8908-4d97-bb59-142a734e1dba" /><TestMethod codeBase="C:\Users\andrew\Desktop\Costandache Mihai-Andrei A1 - laborator 1 (test framework diferit)\Data.Tests\bin\Debug\netcoreapp2.1\Data.Tests.dll" adapterTypeName="executor://xunit/VsTestRunner2/netcoreapp" className="Data.Tests.ManagerTest" name="Data.Tests.ManagerTest.When_ManagerIsInstantiatedWithStartDateSmallerThanNowAndEndDateSmallerThanNow_Then_IsActiveShouldReturnFalse" /></UnitTest><UnitTest name="Data.Tests.ArchitectTest.When_ArchitectIsInstantiatedWithStartDateGreaterThanNowAndEndDateGreaterThanNow_Then_IsActiveShouldReturnFalse" storage="c:\users\andrew\desktop\costandache mihai-andrei a1 - laborator 1 (test framework diferit)\data.tests\bin\debug\netcoreapp2.1\data.tests.dll" id="02077623-a562-4973-95e6-e2b0c7c6e68f"><Execution id="e3d4729c-021c-4444-9ffe-cb5dcbd9df77" /><TestMethod codeBase="C:\Users\andrew\Desktop\Costandache Mihai-Andrei A1 - laborator 1 (test framework diferit)\Data.Tests\bin\Debug\netcoreapp2.1\Data.Tests.dll" adapterTypeName="executor://xunit/VsTestRunner2/netcoreapp" className="Data.Tests.ArchitectTest" name="Data.Tests.ArchitectTest.When_ArchitectIsInstantiatedWithStartDateGreaterThanNowAndEndDateGreaterThanNow_Then_IsActiveShouldReturnFalse" /></UnitTest><UnitTest name="Data.Tests.ManagerTest.When_ManagerIsInstantiatedWithFirstNameJohnAndLastNameDoe_Then_GetFullNameShouldReturnJohn_Doe" storage="c:\users\andrew\desktop\costandache mihai-andrei a1 - laborator 1 (test framework diferit)\data.tests\bin\debug\netcoreapp2.1\data.tests.dll" id="c32af875-c062-446d-a4c3-7968cedd3db3"><Execution id="0bf89e69-7838-4cb8-9021-2a5103ee4ace" /><TestMethod codeBase="C:\Users\andrew\Desktop\Costandache Mihai-Andrei A1 - laborator 1 (test framework diferit)\Data.Tests\bin\Debug\netcoreapp2.1\Data.Tests.dll" adapterTypeName="executor://xunit/VsTestRunner2/netcoreapp" className="Data.Tests.ManagerTest" name="Data.Tests.ManagerTest.When_ManagerIsInstantiatedWithFirstNameJohnAndLastNameDoe_Then_GetFullNameShouldReturnJohn_Doe" /></UnitTest><UnitTest name="Data.Tests.ArchitectTest.When_ArchitectIsInstantiatedWithStartDateGreaterThanNowAndEndDateSmallerThanNow_Then_IsActiveShouldReturnFalse" storage="c:\users\andrew\desktop\costandache mihai-andrei a1 - laborator 1 (test framework diferit)\data.tests\bin\debug\netcoreapp2.1\data.tests.dll" id="b3ec1075-e607-409d-8ef5-92b7e0e6a26c"><Execution id="d3aa1969-88ed-4ee1-9a34-94091f3fc006" /><TestMethod codeBase="C:\Users\andrew\Desktop\Costandache Mihai-Andrei A1 - laborator 1 (test framework diferit)\Data.Tests\bin\Debug\netcoreapp2.1\Data.Tests.dll" adapterTypeName="executor://xunit/VsTestRunner2/netcoreapp" className="Data.Tests.ArchitectTest" name="Data.Tests.ArchitectTest.When_ArchitectIsInstantiatedWithStartDateGreaterThanNowAndEndDateSmallerThanNow_Then_IsActiveShouldReturnFalse" /></UnitTest><UnitTest name="Data.Tests.ProductTest.When_ProductIsInstantiatedWithEndDateSmallerThenStartDate_Then_IsValidShouldReturnFalse" storage="c:\users\andrew\desktop\costandache mihai-andrei a1 - laborator 1 (test framework diferit)\data.tests\bin\debug\netcoreapp2.1\data.tests.dll" id="e7a50102-bf79-4295-bc8d-b072a03756bd"><Execution id="cd6359c6-5fc9-48bb-8fb9-c1af6a0a9ab9" /><TestMethod codeBase="C:\Users\andrew\Desktop\Costandache Mihai-Andrei A1 - laborator 1 (test framework diferit)\Data.Tests\bin\Debug\netcoreapp2.1\Data.Tests.dll" adapterTypeName="executor://xunit/VsTestRunner2/netcoreapp" className="Data.Tests.ProductTest" name="Data.Tests.ProductTest.When_ProductIsInstantiatedWithEndDateSmallerThenStartDate_Then_IsValidShouldReturnFalse" /></UnitTest><UnitTest name="Data.Tests.ArchitectTest.When_ArchitectIsInstantiatedWithFirstNameJohnAndLastNameDoe_Then_GetFullNameShouldReturnJohn_Doe" storage="c:\users\andrew\desktop\costandache mihai-andrei a1 - laborator 1 (test framework diferit)\data.tests\bin\debug\netcoreapp2.1\data.tests.dll" id="bc94a7c6-79a0-4d41-9d55-04ecd663902a"><Execution id="3cb9e8d4-55f2-45f7-af2b-bb523e5279ea" /><TestMethod codeBase="C:\Users\andrew\Desktop\Costandache Mihai-Andrei A1 - laborator 1 (test framework diferit)\Data.Tests\bin\Debug\netcoreapp2.1\Data.Tests.dll" adapterTypeName="executor://xunit/VsTestRunner2/netcoreapp" className="Data.Tests.ArchitectTest" name="Data.Tests.ArchitectTest.When_ArchitectIsInstantiatedWithFirstNameJohnAndLastNameDoe_Then_GetFullNameShouldReturnJohn_Doe" /></UnitTest><UnitTest name="Data.Tests.ManagerTest.When_ManagerIsInstantiated_Then_Check" storage="c:\users\andrew\desktop\costandache mihai-andrei a1 - laborator 1 (test framework diferit)\data.tests\bin\debug\netcoreapp2.1\data.tests.dll" id="eb1bc575-d172-4c1c-9ddf-a0356b49210f"><Execution id="f03cc521-fdb1-4590-986a-16db5b50d605" /><TestMethod codeBase="C:\Users\andrew\Desktop\Costandache Mihai-Andrei A1 - laborator 1 (test framework diferit)\Data.Tests\bin\Debug\netcoreapp2.1\Data.Tests.dll" adapterTypeName="executor://xunit/VsTestRunner2/netcoreapp" className="Data.Tests.ManagerTest" name="Data.Tests.ManagerTest.When_ManagerIsInstantiated_Then_Check" /></UnitTest></TestDefinitions><TestEntries><TestEntry testId="24e1d2ba-820c-4614-ab40-a47922cac35c" executionId="ec303c93-8908-4d97-bb59-142a734e1dba" testListId="8c84fa94-04c1-424b-9868-57a2d4851a1d" /><TestEntry testId="bc94a7c6-79a0-4d41-9d55-04ecd663902a" executionId="3cb9e8d4-55f2-45f7-af2b-bb523e5279ea" testListId="8c84fa94-04c1-424b-9868-57a2d4851a1d" /><TestEntry testId="b3ec1075-e607-409d-8ef5-92b7e0e6a26c" executionId="d3aa1969-88ed-4ee1-9a34-94091f3fc006" testListId="8c84fa94-04c1-424b-9868-57a2d4851a1d" /><TestEntry testId="308a2333-e7ed-4153-9b8e-bd2f9cc11f48" executionId="013e9ecf-451d-4495-8e52-6007da489495" testListId="8c84fa94-04c1-424b-9868-57a2d4851a1d" /><TestEntry testId="b1a1c1bc-c7dd-4cc8-a061-a11b3a942f36" executionId="2f620620-4470-4332-a040-fe59a8cbfb28" testListId="8c84fa94-04c1-424b-9868-57a2d4851a1d" /><TestEntry testId="66788464-3a8e-478f-a39f-e7682b4a91d2" executionId="f7013a4b-d2dd-46a1-8e7c-649732dd6fbb" testListId="8c84fa94-04c1-424b-9868-57a2d4851a1d" /><TestEntry testId="c32af875-c062-446d-a4c3-7968cedd3db3" executionId="0bf89e69-7838-4cb8-9021-2a5103ee4ace" testListId="8c84fa94-04c1-424b-9868-57a2d4851a1d" /><TestEntry testId="eb1bc575-d172-4c1c-9ddf-a0356b49210f" executionId="f03cc521-fdb1-4590-986a-16db5b50d605" testListId="8c84fa94-04c1-424b-9868-57a2d4851a1d" /><TestEntry testId="c4d57bed-998f-4276-953b-d98f0859017f" executionId="cd0e1fd8-bb55-4197-be73-0e7fef2eb29b" testListId="8c84fa94-04c1-424b-9868-57a2d4851a1d" /><TestEntry testId="10dbfc1f-609c-41cc-8c6c-4d6d961daa7d" executionId="e1dc87ef-a0d3-4fa6-97f9-bfdd2e194c2a" testListId="8c84fa94-04c1-424b-9868-57a2d4851a1d" /><TestEntry testId="02077623-a562-4973-95e6-e2b0c7c6e68f" executionId="e3d4729c-021c-4444-9ffe-cb5dcbd9df77" testListId="8c84fa94-04c1-424b-9868-57a2d4851a1d" /><TestEntry testId="e7a50102-bf79-4295-bc8d-b072a03756bd" executionId="cd6359c6-5fc9-48bb-8fb9-c1af6a0a9ab9" testListId="8c84fa94-04c1-424b-9868-57a2d4851a1d" /><TestEntry testId="10d8878d-7359-44fa-958c-baa0d0d57ab0" executionId="b7315cc9-026e-4744-9afb-6d4cf5a3cf37" testListId="8c84fa94-04c1-424b-9868-57a2d4851a1d" /><TestEntry testId="1151fdcb-0d18-4758-a95e-f3a5fad01754" executionId="2d85c9cc-10f0-4807-a249-4d2e9f54d59d" testListId="8c84fa94-04c1-424b-9868-57a2d4851a1d" /><TestEntry testId="e12e5424-d729-4aa0-a55c-a31d4bbb26ac" executionId="325e34a1-421a-405b-b690-645eeab4d161" testListId="8c84fa94-04c1-424b-9868-57a2d4851a1d" /><TestEntry testId="6463a948-f0fe-45f1-aa01-953f84ffda05" executionId="c6a490b8-140a-4d99-b77d-032796e83e80" testListId="8c84fa94-04c1-424b-9868-57a2d4851a1d" /></TestEntries><TestLists><TestList name="Results Not in a List" id="8c84fa94-04c1-424b-9868-57a2d4851a1d" /><TestList name="All Loaded Results" id="19431567-8539-422a-85d7-44ee4e166bda" /></TestLists><ResultSummary outcome="Completed"><Counters total="16" executed="16" passed="16" failed="0" error="0" timeout="0" aborted="0" inconclusive="0" passedButRunAborted="0" notRunnable="0" notExecuted="0" disconnected="0" warning="0" completed="0" inProgress="0" pending="0" /><Output><StdOut>[xUnit.net 00:00:00.5168100]   Discovering: Data.Tests[xUnit.net 00:00:00.5773527]   Discovered:  Data.Tests[xUnit.net 00:00:00.5829097]   Starting:    Data.Tests[xUnit.net 00:00:00.7992646]   Finished:    Data.Tests</StdOut></Output></ResultSummary></TestRun>