<?xml version="1.0" encoding="utf-8"?><TestRun id="70c7e2db-1f27-47d0-8db2-860a7224ca76" name="andrew@ANDREW97 2018-10-06 20:55:49" runUser="ANDREW97\andrew" xmlns="http://microsoft.com/schemas/VisualStudio/TeamTest/2010"><Times creation="2018-10-06T20:55:49.2607206+03:00" queuing="2018-10-06T20:55:49.2607206+03:00" start="2018-10-06T20:55:48.1656536+03:00" finish="2018-10-06T20:55:49.3320949+03:00" /><TestSettings name="default" id="9689825c-55e7-4d40-a10a-dff83dcc8500"><Deployment runDeploymentRoot="andrew_ANDREW97_2018-10-06_20_55_49" /></TestSettings><Results><UnitTestResult executionId="b7c79cac-4e78-4edc-a279-01fa7c46e2a3" testId="e7cd3699-461f-0f83-362a-2e39e855a379" testName="When_EmployeeIsInstantiated_Then_Check" computerName="ANDREW97" duration="00:00:00.0006769" startTime="2018-10-06T20:55:49.0864494+03:00" endTime="2018-10-06T20:55:49.0873740+03:00" testType="13cdc9d9-ddb5-4fa4-a97d-d965ccfc6d4b" outcome="Passed" testListId="8c84fa94-04c1-424b-9868-57a2d4851a1d" relativeResultsDirectory="b7c79cac-4e78-4edc-a279-01fa7c46e2a3" /><UnitTestResult executionId="ed5aff02-1683-41f0-bc5a-04439a3fb729" testId="68debdca-c070-58b0-867d-cd26cec2b606" testName="When_ProductIsInstanciatedWithEndDateSmallerThenStartDate_Then_IsValidShouldReturnFalse" computerName="ANDREW97" duration="00:00:00.0002343" startTime="2018-10-06T20:55:49.1695676+03:00" endTime="2018-10-06T20:55:49.1698819+03:00" testType="13cdc9d9-ddb5-4fa4-a97d-d965ccfc6d4b" outcome="Passed" testListId="8c84fa94-04c1-424b-9868-57a2d4851a1d" relativeResultsDirectory="ed5aff02-1683-41f0-bc5a-04439a3fb729" /><UnitTestResult executionId="fbf51276-a558-4e16-b824-d6b6ef0c0bd1" testId="00c0c3cb-0a2a-1049-c505-4db717c4a761" testName="When_EmployeeIsInstantiatedWithStartDateGreaterThanNowAndEndDateGreaterThanNow_Then_IsActiveShouldReturnFalse" computerName="ANDREW97" duration="00:00:00.0002048" startTime="2018-10-06T20:55:49.0922556+03:00" endTime="2018-10-06T20:55:49.0925216+03:00" testType="13cdc9d9-ddb5-4fa4-a97d-d965ccfc6d4b" outcome="Passed" testListId="8c84fa94-04c1-424b-9868-57a2d4851a1d" relativeResultsDirectory="fbf51276-a558-4e16-b824-d6b6ef0c0bd1" /><UnitTestResult executionId="0e4a5c2c-3c78-4536-b538-8297a0d00a6b" testId="4b19f81c-d0fe-b5ac-d9c2-5cd8ca4d7eb4" testName="When_EmployeeIsInstantiatedWithStartDateSmallerThanNowAndEndDateGreaterThanNow_Then_IsActiveShouldReturnTrue" computerName="ANDREW97" duration="00:00:00.0010421" startTime="2018-10-06T20:55:49.0911181+03:00" endTime="2018-10-06T20:55:49.0922300+03:00" testType="13cdc9d9-ddb5-4fa4-a97d-d965ccfc6d4b" outcome="Passed" testListId="8c84fa94-04c1-424b-9868-57a2d4851a1d" relativeResultsDirectory="0e4a5c2c-3c78-4536-b538-8297a0d00a6b" /><UnitTestResult executionId="403875c1-999a-46c3-a9de-6e56eff28ef5" testId="63f41583-b182-65da-20c7-1dbabee3ec25" testName="When_ArchitectIsInstantiated_Then_Check" computerName="ANDREW97" duration="00:00:00.0165164" startTime="2018-10-06T20:55:49.0143583+03:00" endTime="2018-10-06T20:55:49.0728842+03:00" testType="13cdc9d9-ddb5-4fa4-a97d-d965ccfc6d4b" outcome="Passed" testListId="8c84fa94-04c1-424b-9868-57a2d4851a1d" relativeResultsDirectory="403875c1-999a-46c3-a9de-6e56eff28ef5" /><UnitTestResult executionId="01eaff1d-f52a-4fdf-98f7-509c5ed4b123" testId="07c16363-0fad-ca84-7e6a-bb884fffcd0b" testName="When_ManagerIsInstantiated_Then_Check" computerName="ANDREW97" duration="00:00:00.0008595" startTime="2018-10-06T20:55:49.0930468+03:00" endTime="2018-10-06T20:55:49.0940612+03:00" testType="13cdc9d9-ddb5-4fa4-a97d-d965ccfc6d4b" outcome="Passed" testListId="8c84fa94-04c1-424b-9868-57a2d4851a1d" relativeResultsDirectory="01eaff1d-f52a-4fdf-98f7-509c5ed4b123" /><UnitTestResult executionId="2b03da70-d720-418a-8909-07aded3d3485" testId="d5756041-1d10-fc37-ba06-e8ec8347b053" testName="When_ProductIsInstanciatedWithEndDateGreaterThenStartDate_Then_IsValidShouldReturnTrue" computerName="ANDREW97" duration="00:00:00.0002625" startTime="2018-10-06T20:55:49.1691998+03:00" endTime="2018-10-06T20:55:49.1695526+03:00" testType="13cdc9d9-ddb5-4fa4-a97d-d965ccfc6d4b" outcome="Passed" testListId="8c84fa94-04c1-424b-9868-57a2d4851a1d" relativeResultsDirectory="2b03da70-d720-418a-8909-07aded3d3485" /><UnitTestResult executionId="0ca989a2-d07b-4064-9fd0-d94085ca751d" testId="daa7d6b8-5d04-7876-8883-0b253e3a2876" testName="When_EmployeeIsInstantiatedWithStartDateGreaterThanNowAndEndDateSmallerThanNow_Then_IsActiveShouldReturnFalse" computerName="ANDREW97" duration="00:00:00.0001877" startTime="2018-10-06T20:55:49.0927928+03:00" endTime="2018-10-06T20:55:49.0930353+03:00" testType="13cdc9d9-ddb5-4fa4-a97d-d965ccfc6d4b" outcome="Passed" testListId="8c84fa94-04c1-424b-9868-57a2d4851a1d" relativeResultsDirectory="0ca989a2-d07b-4064-9fd0-d94085ca751d" /><UnitTestResult executionId="50bb66ab-655d-4c07-a63e-f40c847279ff" testId="9ffbe385-b5be-e9cb-6a86-0440f661d644" testName="When_EmployeeIsInstantiatedWithFirstNameJohnAndLastNameDoe_Then_GetFullNameShouldReturnJohn_Doe" computerName="ANDREW97" duration="00:00:00.0036111" startTime="2018-10-06T20:55:49.0874065+03:00" endTime="2018-10-06T20:55:49.0910911+03:00" testType="13cdc9d9-ddb5-4fa4-a97d-d965ccfc6d4b" outcome="Passed" testListId="8c84fa94-04c1-424b-9868-57a2d4851a1d" relativeResultsDirectory="50bb66ab-655d-4c07-a63e-f40c847279ff" /><UnitTestResult executionId="82d433b8-b7e7-4fbf-bc65-96f2dd102a57" testId="930dfa41-c785-609f-c0e4-9f13aacd7ac5" testName="When_ProductIsInstantiated_Then_Check" computerName="ANDREW97" duration="00:00:00.0045506" startTime="2018-10-06T20:55:49.0940745+03:00" endTime="2018-10-06T20:55:49.0987688+03:00" testType="13cdc9d9-ddb5-4fa4-a97d-d965ccfc6d4b" outcome="Passed" testListId="8c84fa94-04c1-424b-9868-57a2d4851a1d" relativeResultsDirectory="82d433b8-b7e7-4fbf-bc65-96f2dd102a57" /><UnitTestResult executionId="be82e551-ca52-4176-ab54-239394a8c2a4" testId="037fd7b0-6065-2aa3-0d1b-8c2c0cf82a9c" testName="When_EmployeeIsInstantiatedWithStartDateSmallerThanNowAndEndDateSmallerThanNow_Then_IsActiveShouldReturnFalse" computerName="ANDREW97" duration="00:00:00.0001911" startTime="2018-10-06T20:55:49.0925336+03:00" endTime="2018-10-06T20:55:49.0927821+03:00" testType="13cdc9d9-ddb5-4fa4-a97d-d965ccfc6d4b" outcome="Passed" testListId="8c84fa94-04c1-424b-9868-57a2d4851a1d" relativeResultsDirectory="be82e551-ca52-4176-ab54-239394a8c2a4" /><UnitTestResult executionId="4630febb-8f5f-45de-8e42-e04c45e1e9db" testId="65960b45-2371-8dab-4192-601e9273d939" testName="When_ProductIsInstantiatedWithPrice10AndVat20_Then_ComputeVatShouldReturn2" computerName="ANDREW97" duration="00:00:00.0008326" startTime="2018-10-06T20:55:49.1682166+03:00" endTime="2018-10-06T20:55:49.1691780+03:00" testType="13cdc9d9-ddb5-4fa4-a97d-d965ccfc6d4b" outcome="Passed" testListId="8c84fa94-04c1-424b-9868-57a2d4851a1d" relativeResultsDirectory="4630febb-8f5f-45de-8e42-e04c45e1e9db" /></Results><TestDefinitions><UnitTest name="When_ManagerIsInstantiated_Then_Check" storage="c:\users\andrew\desktop\costandache mihai-andrei a1 - laborator 1\data.tests\bin\debug\netcoreapp2.1\data.tests.dll" id="07c16363-0fad-ca84-7e6a-bb884fffcd0b"><Execution id="01eaff1d-f52a-4fdf-98f7-509c5ed4b123" /><TestMethod codeBase="C:\Users\andrew\Desktop\Costandache Mihai-Andrei A1 - laborator 1\Data.Tests\bin\Debug\netcoreapp2.1\Data.Tests.dll" adapterTypeName="executor://mstestadapter/v2" className="Data.Tests.ManagerTest" name="When_ManagerIsInstantiated_Then_Check" /></UnitTest><UnitTest name="When_EmployeeIsInstantiatedWithStartDateGreaterThanNowAndEndDateSmallerThanNow_Then_IsActiveShouldReturnFalse" storage="c:\users\andrew\desktop\costandache mihai-andrei a1 - laborator 1\data.tests\bin\debug\netcoreapp2.1\data.tests.dll" id="daa7d6b8-5d04-7876-8883-0b253e3a2876"><Execution id="0ca989a2-d07b-4064-9fd0-d94085ca751d" /><TestMethod codeBase="C:\Users\andrew\Desktop\Costandache Mihai-Andrei A1 - laborator 1\Data.Tests\bin\Debug\netcoreapp2.1\Data.Tests.dll" adapterTypeName="executor://mstestadapter/v2" className="Data.Tests.EmployeeTest" name="When_EmployeeIsInstantiatedWithStartDateGreaterThanNowAndEndDateSmallerThanNow_Then_IsActiveShouldReturnFalse" /></UnitTest><UnitTest name="When_EmployeeIsInstantiatedWithStartDateGreaterThanNowAndEndDateGreaterThanNow_Then_IsActiveShouldReturnFalse" storage="c:\users\andrew\desktop\costandache mihai-andrei a1 - laborator 1\data.tests\bin\debug\netcoreapp2.1\data.tests.dll" id="00c0c3cb-0a2a-1049-c505-4db717c4a761"><Execution id="fbf51276-a558-4e16-b824-d6b6ef0c0bd1" /><TestMethod codeBase="C:\Users\andrew\Desktop\Costandache Mihai-Andrei A1 - laborator 1\Data.Tests\bin\Debug\netcoreapp2.1\Data.Tests.dll" adapterTypeName="executor://mstestadapter/v2" className="Data.Tests.EmployeeTest" name="When_EmployeeIsInstantiatedWithStartDateGreaterThanNowAndEndDateGreaterThanNow_Then_IsActiveShouldReturnFalse" /></UnitTest><UnitTest name="When_EmployeeIsInstantiatedWithStartDateSmallerThanNowAndEndDateSmallerThanNow_Then_IsActiveShouldReturnFalse" storage="c:\users\andrew\desktop\costandache mihai-andrei a1 - laborator 1\data.tests\bin\debug\netcoreapp2.1\data.tests.dll" id="037fd7b0-6065-2aa3-0d1b-8c2c0cf82a9c"><Execution id="be82e551-ca52-4176-ab54-239394a8c2a4" /><TestMethod codeBase="C:\Users\andrew\Desktop\Costandache Mihai-Andrei A1 - laborator 1\Data.Tests\bin\Debug\netcoreapp2.1\Data.Tests.dll" adapterTypeName="executor://mstestadapter/v2" className="Data.Tests.EmployeeTest" name="When_EmployeeIsInstantiatedWithStartDateSmallerThanNowAndEndDateSmallerThanNow_Then_IsActiveShouldReturnFalse" /></UnitTest><UnitTest name="When_ArchitectIsInstantiated_Then_Check" storage="c:\users\andrew\desktop\costandache mihai-andrei a1 - laborator 1\data.tests\bin\debug\netcoreapp2.1\data.tests.dll" id="63f41583-b182-65da-20c7-1dbabee3ec25"><Execution id="403875c1-999a-46c3-a9de-6e56eff28ef5" /><TestMethod codeBase="C:\Users\andrew\Desktop\Costandache Mihai-Andrei A1 - laborator 1\Data.Tests\bin\Debug\netcoreapp2.1\Data.Tests.dll" adapterTypeName="executor://mstestadapter/v2" className="Data.Tests.ArchitectTest" name="When_ArchitectIsInstantiated_Then_Check" /></UnitTest><UnitTest name="When_ProductIsInstanciatedWithEndDateSmallerThenStartDate_Then_IsValidShouldReturnFalse" storage="c:\users\andrew\desktop\costandache mihai-andrei a1 - laborator 1\data.tests\bin\debug\netcoreapp2.1\data.tests.dll" id="68debdca-c070-58b0-867d-cd26cec2b606"><Execution id="ed5aff02-1683-41f0-bc5a-04439a3fb729" /><TestMethod codeBase="C:\Users\andrew\Desktop\Costandache Mihai-Andrei A1 - laborator 1\Data.Tests\bin\Debug\netcoreapp2.1\Data.Tests.dll" adapterTypeName="executor://mstestadapter/v2" className="Data.Tests.ProductTest" name="When_ProductIsInstanciatedWithEndDateSmallerThenStartDate_Then_IsValidShouldReturnFalse" /></UnitTest><UnitTest name="When_EmployeeIsInstantiatedWithFirstNameJohnAndLastNameDoe_Then_GetFullNameShouldReturnJohn_Doe" storage="c:\users\andrew\desktop\costandache mihai-andrei a1 - laborator 1\data.tests\bin\debug\netcoreapp2.1\data.tests.dll" id="9ffbe385-b5be-e9cb-6a86-0440f661d644"><Execution id="50bb66ab-655d-4c07-a63e-f40c847279ff" /><TestMethod codeBase="C:\Users\andrew\Desktop\Costandache Mihai-Andrei A1 - laborator 1\Data.Tests\bin\Debug\netcoreapp2.1\Data.Tests.dll" adapterTypeName="executor://mstestadapter/v2" className="Data.Tests.EmployeeTest" name="When_EmployeeIsInstantiatedWithFirstNameJohnAndLastNameDoe_Then_GetFullNameShouldReturnJohn_Doe" /></UnitTest><UnitTest name="When_ProductIsInstantiated_Then_Check" storage="c:\users\andrew\desktop\costandache mihai-andrei a1 - laborator 1\data.tests\bin\debug\netcoreapp2.1\data.tests.dll" id="930dfa41-c785-609f-c0e4-9f13aacd7ac5"><Execution id="82d433b8-b7e7-4fbf-bc65-96f2dd102a57" /><TestMethod codeBase="C:\Users\andrew\Desktop\Costandache Mihai-Andrei A1 - laborator 1\Data.Tests\bin\Debug\netcoreapp2.1\Data.Tests.dll" adapterTypeName="executor://mstestadapter/v2" className="Data.Tests.ProductTest" name="When_ProductIsInstantiated_Then_Check" /></UnitTest><UnitTest name="When_ProductIsInstantiatedWithPrice10AndVat20_Then_ComputeVatShouldReturn2" storage="c:\users\andrew\desktop\costandache mihai-andrei a1 - laborator 1\data.tests\bin\debug\netcoreapp2.1\data.tests.dll" id="65960b45-2371-8dab-4192-601e9273d939"><Execution id="4630febb-8f5f-45de-8e42-e04c45e1e9db" /><TestMethod codeBase="C:\Users\andrew\Desktop\Costandache Mihai-Andrei A1 - laborator 1\Data.Tests\bin\Debug\netcoreapp2.1\Data.Tests.dll" adapterTypeName="executor://mstestadapter/v2" className="Data.Tests.ProductTest" name="When_ProductIsInstantiatedWithPrice10AndVat20_Then_ComputeVatShouldReturn2" /></UnitTest><UnitTest name="When_ProductIsInstanciatedWithEndDateGreaterThenStartDate_Then_IsValidShouldReturnTrue" storage="c:\users\andrew\desktop\costandache mihai-andrei a1 - laborator 1\data.tests\bin\debug\netcoreapp2.1\data.tests.dll" id="d5756041-1d10-fc37-ba06-e8ec8347b053"><Execution id="2b03da70-d720-418a-8909-07aded3d3485" /><TestMethod codeBase="C:\Users\andrew\Desktop\Costandache Mihai-Andrei A1 - laborator 1\Data.Tests\bin\Debug\netcoreapp2.1\Data.Tests.dll" adapterTypeName="executor://mstestadapter/v2" className="Data.Tests.ProductTest" name="When_ProductIsInstanciatedWithEndDateGreaterThenStartDate_Then_IsValidShouldReturnTrue" /></UnitTest><UnitTest name="When_EmployeeIsInstantiatedWithStartDateSmallerThanNowAndEndDateGreaterThanNow_Then_IsActiveShouldReturnTrue" storage="c:\users\andrew\desktop\costandache mihai-andrei a1 - laborator 1\data.tests\bin\debug\netcoreapp2.1\data.tests.dll" id="4b19f81c-d0fe-b5ac-d9c2-5cd8ca4d7eb4"><Execution id="0e4a5c2c-3c78-4536-b538-8297a0d00a6b" /><TestMethod codeBase="C:\Users\andrew\Desktop\Costandache Mihai-Andrei A1 - laborator 1\Data.Tests\bin\Debug\netcoreapp2.1\Data.Tests.dll" adapterTypeName="executor://mstestadapter/v2" className="Data.Tests.EmployeeTest" name="When_EmployeeIsInstantiatedWithStartDateSmallerThanNowAndEndDateGreaterThanNow_Then_IsActiveShouldReturnTrue" /></UnitTest><UnitTest name="When_EmployeeIsInstantiated_Then_Check" storage="c:\users\andrew\desktop\costandache mihai-andrei a1 - laborator 1\data.tests\bin\debug\netcoreapp2.1\data.tests.dll" id="e7cd3699-461f-0f83-362a-2e39e855a379"><Execution id="b7c79cac-4e78-4edc-a279-01fa7c46e2a3" /><TestMethod codeBase="C:\Users\andrew\Desktop\Costandache Mihai-Andrei A1 - laborator 1\Data.Tests\bin\Debug\netcoreapp2.1\Data.Tests.dll" adapterTypeName="executor://mstestadapter/v2" className="Data.Tests.EmployeeTest" name="When_EmployeeIsInstantiated_Then_Check" /></UnitTest></TestDefinitions><TestEntries><TestEntry testId="e7cd3699-461f-0f83-362a-2e39e855a379" executionId="b7c79cac-4e78-4edc-a279-01fa7c46e2a3" testListId="8c84fa94-04c1-424b-9868-57a2d4851a1d" /><TestEntry testId="68debdca-c070-58b0-867d-cd26cec2b606" executionId="ed5aff02-1683-41f0-bc5a-04439a3fb729" testListId="8c84fa94-04c1-424b-9868-57a2d4851a1d" /><TestEntry testId="00c0c3cb-0a2a-1049-c505-4db717c4a761" executionId="fbf51276-a558-4e16-b824-d6b6ef0c0bd1" testListId="8c84fa94-04c1-424b-9868-57a2d4851a1d" /><TestEntry testId="4b19f81c-d0fe-b5ac-d9c2-5cd8ca4d7eb4" executionId="0e4a5c2c-3c78-4536-b538-8297a0d00a6b" testListId="8c84fa94-04c1-424b-9868-57a2d4851a1d" /><TestEntry testId="63f41583-b182-65da-20c7-1dbabee3ec25" executionId="403875c1-999a-46c3-a9de-6e56eff28ef5" testListId="8c84fa94-04c1-424b-9868-57a2d4851a1d" /><TestEntry testId="07c16363-0fad-ca84-7e6a-bb884fffcd0b" executionId="01eaff1d-f52a-4fdf-98f7-509c5ed4b123" testListId="8c84fa94-04c1-424b-9868-57a2d4851a1d" /><TestEntry testId="d5756041-1d10-fc37-ba06-e8ec8347b053" executionId="2b03da70-d720-418a-8909-07aded3d3485" testListId="8c84fa94-04c1-424b-9868-57a2d4851a1d" /><TestEntry testId="daa7d6b8-5d04-7876-8883-0b253e3a2876" executionId="0ca989a2-d07b-4064-9fd0-d94085ca751d" testListId="8c84fa94-04c1-424b-9868-57a2d4851a1d" /><TestEntry testId="9ffbe385-b5be-e9cb-6a86-0440f661d644" executionId="50bb66ab-655d-4c07-a63e-f40c847279ff" testListId="8c84fa94-04c1-424b-9868-57a2d4851a1d" /><TestEntry testId="930dfa41-c785-609f-c0e4-9f13aacd7ac5" executionId="82d433b8-b7e7-4fbf-bc65-96f2dd102a57" testListId="8c84fa94-04c1-424b-9868-57a2d4851a1d" /><TestEntry testId="037fd7b0-6065-2aa3-0d1b-8c2c0cf82a9c" executionId="be82e551-ca52-4176-ab54-239394a8c2a4" testListId="8c84fa94-04c1-424b-9868-57a2d4851a1d" /><TestEntry testId="65960b45-2371-8dab-4192-601e9273d939" executionId="4630febb-8f5f-45de-8e42-e04c45e1e9db" testListId="8c84fa94-04c1-424b-9868-57a2d4851a1d" /></TestEntries><TestLists><TestList name="Results Not in a List" id="8c84fa94-04c1-424b-9868-57a2d4851a1d" /><TestList name="All Loaded Results" id="19431567-8539-422a-85d7-44ee4e166bda" /></TestLists><ResultSummary outcome="Completed"><Counters total="12" executed="12" passed="12" failed="0" error="0" timeout="0" aborted="0" inconclusive="0" passedButRunAborted="0" notRunnable="0" notExecuted="0" disconnected="0" warning="0" completed="0" inProgress="0" pending="0" /></ResultSummary></TestRun>