<?xml version="1.0" encoding="utf-8"?><TestRun id="6d51042f-a0b1-4864-8ba7-f0381e66a5b3" name="andrew@ANDREW97 2018-10-06 20:51:35" runUser="ANDREW97\andrew" xmlns="http://microsoft.com/schemas/VisualStudio/TeamTest/2010"><Times creation="2018-10-06T20:51:35.2886020+03:00" queuing="2018-10-06T20:51:35.2886020+03:00" start="2018-10-06T20:51:33.6608086+03:00" finish="2018-10-06T20:51:35.3559354+03:00" /><TestSettings name="default" id="028948a4-ff02-4d46-bfb5-487f43f0df0d"><Deployment runDeploymentRoot="andrew_ANDREW97_2018-10-06_20_51_35" /></TestSettings><Results><UnitTestResult executionId="49f4ac33-43f0-4e85-bfc0-a3ab7d3403ab" testId="b8a5721c-30ab-4e16-bb5b-02318b59c310" testName="Data.Tests.ProductTest.When_ProductIsInstantiatedWithEndDateGreaterThenStartDate_Then_IsValidShouldReturnTrue" computerName="ANDREW97" duration="00:00:00.0010000" startTime="2018-10-06T20:51:35.1878443+03:00" endTime="2018-10-06T20:51:35.1878443+03:00" testType="13cdc9d9-ddb5-4fa4-a97d-d965ccfc6d4b" outcome="Passed" testListId="8c84fa94-04c1-424b-9868-57a2d4851a1d" relativeResultsDirectory="49f4ac33-43f0-4e85-bfc0-a3ab7d3403ab" /><UnitTestResult executionId="19b65782-be21-4a70-99b9-56ee561547e6" testId="29a43575-422c-4c53-8722-7c09db7afccf" testName="Data.Tests.ArchitectTest.When_ArchitectIsInstantiated_Then_Check" computerName="ANDREW97" duration="00:00:00.0210000" startTime="2018-10-06T20:51:35.1850816+03:00" endTime="2018-10-06T20:51:35.1850816+03:00" testType="13cdc9d9-ddb5-4fa4-a97d-d965ccfc6d4b" outcome="Passed" testListId="8c84fa94-04c1-424b-9868-57a2d4851a1d" relativeResultsDirectory="19b65782-be21-4a70-99b9-56ee561547e6" /><UnitTestResult executionId="5b802ffc-7657-465a-9c7f-9fa408338b25" testId="e3df3ee3-755c-4d1e-bf87-e537fd4b56f7" testName="Data.Tests.EmployeeTest.When_EmployeeIsInstantiatedWithFirstNameJohnAndLastNameDoe_Then_GetFullNameShouldReturnJohn_Doe" computerName="ANDREW97" duration="00:00:00.0030000" startTime="2018-10-06T20:51:35.2336975+03:00" endTime="2018-10-06T20:51:35.2336979+03:00" testType="13cdc9d9-ddb5-4fa4-a97d-d965ccfc6d4b" outcome="Passed" testListId="8c84fa94-04c1-424b-9868-57a2d4851a1d" relativeResultsDirectory="5b802ffc-7657-465a-9c7f-9fa408338b25" /><UnitTestResult executionId="30106b22-a7a2-4fb9-9b44-25e7ef75b72b" testId="c6d1e302-5640-413d-81f2-b79e430349c5" testName="Data.Tests.EmployeeTest.When_EmployeeIsInstantiatedWithStartDateSmallerThanNowAndEndDateSmallerThanNow_Then_IsActiveShouldReturnFalse" computerName="ANDREW97" duration="00:00:00.0010000" startTime="2018-10-06T20:51:35.2337535+03:00" endTime="2018-10-06T20:51:35.2337535+03:00" testType="13cdc9d9-ddb5-4fa4-a97d-d965ccfc6d4b" outcome="Passed" testListId="8c84fa94-04c1-424b-9868-57a2d4851a1d" relativeResultsDirectory="30106b22-a7a2-4fb9-9b44-25e7ef75b72b" /><UnitTestResult executionId="59953317-1010-4400-b895-7c055cc1d225" testId="5c608852-d727-439a-bc30-dc88347cd945" testName="Data.Tests.ManagerTest.When_ManagerIsInstantiated_Then_Check" computerName="ANDREW97" duration="00:00:00.0210000" startTime="2018-10-06T20:51:35.1850705+03:00" endTime="2018-10-06T20:51:35.1850705+03:00" testType="13cdc9d9-ddb5-4fa4-a97d-d965ccfc6d4b" outcome="Passed" testListId="8c84fa94-04c1-424b-9868-57a2d4851a1d" relativeResultsDirectory="59953317-1010-4400-b895-7c055cc1d225" /><UnitTestResult executionId="71092326-ebc1-44f7-b52f-002a226848fa" testId="084d05f1-55e4-43fb-9938-45e777b7c411" testName="Data.Tests.EmployeeTest.When_EmployeeIsInstantiatedWithStartDateGreaterThanNowAndEndDateSmallerThanNow_Then_IsActiveShouldReturnFalse" computerName="ANDREW97" duration="00:00:00.0010000" startTime="2018-10-06T20:51:35.2338027+03:00" endTime="2018-10-06T20:51:35.2338027+03:00" testType="13cdc9d9-ddb5-4fa4-a97d-d965ccfc6d4b" outcome="Passed" testListId="8c84fa94-04c1-424b-9868-57a2d4851a1d" relativeResultsDirectory="71092326-ebc1-44f7-b52f-002a226848fa" /><UnitTestResult executionId="51f33770-c153-4a61-9a0a-af3c50ca30c4" testId="b8bfd482-9394-49ce-b444-ad470064825b" testName="Data.Tests.EmployeeTest.When_EmployeeIsInstantiatedWithStartDateSmallerThanNowAndEndDateGreaterThanNow_Then_IsActiveShouldReturnTrue" computerName="ANDREW97" duration="00:00:00.0010000" startTime="2018-10-06T20:51:35.1878002+03:00" endTime="2018-10-06T20:51:35.1878002+03:00" testType="13cdc9d9-ddb5-4fa4-a97d-d965ccfc6d4b" outcome="Passed" testListId="8c84fa94-04c1-424b-9868-57a2d4851a1d" relativeResultsDirectory="51f33770-c153-4a61-9a0a-af3c50ca30c4" /><UnitTestResult executionId="ca58b8a2-5c62-47a6-be2a-2a5a872c9373" testId="206ff08a-ac14-4baf-ad1c-dcd494ffb007" testName="Data.Tests.ProductTest.When_ProductIsInstantiated_Then_Check" computerName="ANDREW97" duration="00:00:00.0020000" startTime="2018-10-06T20:51:35.1877493+03:00" endTime="2018-10-06T20:51:35.1877497+03:00" testType="13cdc9d9-ddb5-4fa4-a97d-d965ccfc6d4b" outcome="Passed" testListId="8c84fa94-04c1-424b-9868-57a2d4851a1d" relativeResultsDirectory="ca58b8a2-5c62-47a6-be2a-2a5a872c9373" /><UnitTestResult executionId="67fcbd92-4e3e-4e04-af52-9778b9b42172" testId="0577bffe-b84d-4b60-a4f5-87839bb7958d" testName="Data.Tests.EmployeeTest.When_EmployeeIsInstantiated_Then_Check" computerName="ANDREW97" duration="00:00:00.0210000" startTime="2018-10-06T20:51:35.1850363+03:00" endTime="2018-10-06T20:51:35.1850363+03:00" testType="13cdc9d9-ddb5-4fa4-a97d-d965ccfc6d4b" outcome="Passed" testListId="8c84fa94-04c1-424b-9868-57a2d4851a1d" relativeResultsDirectory="67fcbd92-4e3e-4e04-af52-9778b9b42172" /><UnitTestResult executionId="e4e665a3-9076-4ad9-912e-585cbcd208ba" testId="035db716-6bc2-4137-b87b-3601a19eb66a" testName="Data.Tests.ProductTest.When_ProductIsInstantiatedWithEndDateSmallerThenStartDate_Then_IsValidShouldReturnFalse" computerName="ANDREW97" duration="00:00:00.0010000" startTime="2018-10-06T20:51:35.2334533+03:00" endTime="2018-10-06T20:51:35.2334533+03:00" testType="13cdc9d9-ddb5-4fa4-a97d-d965ccfc6d4b" outcome="Passed" testListId="8c84fa94-04c1-424b-9868-57a2d4851a1d" relativeResultsDirectory="e4e665a3-9076-4ad9-912e-585cbcd208ba" /><UnitTestResult executionId="d94e209b-0082-4e7e-994f-f5c71f69e9fd" testId="b2e5eda2-87a7-4eb5-a394-65b918f04077" testName="Data.Tests.EmployeeTest.When_EmployeeIsInstantiatedWithStartDateGreaterThanNowAndEndDateGreaterThanNow_Then_IsActiveShouldReturnFalse" computerName="ANDREW97" duration="00:00:00.0020000" startTime="2018-10-06T20:51:35.1871989+03:00" endTime="2018-10-06T20:51:35.1871989+03:00" testType="13cdc9d9-ddb5-4fa4-a97d-d965ccfc6d4b" outcome="Passed" testListId="8c84fa94-04c1-424b-9868-57a2d4851a1d" relativeResultsDirectory="d94e209b-0082-4e7e-994f-f5c71f69e9fd" /><UnitTestResult executionId="dfe6a459-845f-4582-9e94-99ae0bfcae32" testId="a422697f-1786-4003-af7c-98bd0279c80d" testName="Data.Tests.ProductTest.When_ProductIsInstantiatedWithPrice10AndVat20_Then_ComputeVatShouldReturn2" computerName="ANDREW97" duration="00:00:00.0170000" startTime="2018-10-06T20:51:35.1768634+03:00" endTime="2018-10-06T20:51:35.1768698+03:00" testType="13cdc9d9-ddb5-4fa4-a97d-d965ccfc6d4b" outcome="Passed" testListId="8c84fa94-04c1-424b-9868-57a2d4851a1d" relativeResultsDirectory="dfe6a459-845f-4582-9e94-99ae0bfcae32" /></Results><TestDefinitions><UnitTest name="Data.Tests.ArchitectTest.When_ArchitectIsInstantiated_Then_Check" storage="c:\users\andrew\desktop\costandache mihai-andrei a1 - laborator 1 (test framework diferit)\data.tests\bin\debug\netcoreapp2.1\data.tests.dll" id="29a43575-422c-4c53-8722-7c09db7afccf"><Execution id="19b65782-be21-4a70-99b9-56ee561547e6" /><TestMethod codeBase="C:\Users\andrew\Desktop\Costandache Mihai-Andrei A1 - laborator 1 (test framework diferit)\Data.Tests\bin\Debug\netcoreapp2.1\Data.Tests.dll" adapterTypeName="executor://xunit/VsTestRunner2/netcoreapp" className="Data.Tests.ArchitectTest" name="Data.Tests.ArchitectTest.When_ArchitectIsInstantiated_Then_Check" /></UnitTest><UnitTest name="Data.Tests.EmployeeTest.When_EmployeeIsInstantiatedWithStartDateGreaterThanNowAndEndDateGreaterThanNow_Then_IsActiveShouldReturnFalse" storage="c:\users\andrew\desktop\costandache mihai-andrei a1 - laborator 1 (test framework diferit)\data.tests\bin\debug\netcoreapp2.1\data.tests.dll" id="b2e5eda2-87a7-4eb5-a394-65b918f04077"><Execution id="d94e209b-0082-4e7e-994f-f5c71f69e9fd" /><TestMethod codeBase="C:\Users\andrew\Desktop\Costandache Mihai-Andrei A1 - laborator 1 (test framework diferit)\Data.Tests\bin\Debug\netcoreapp2.1\Data.Tests.dll" adapterTypeName="executor://xunit/VsTestRunner2/netcoreapp" className="Data.Tests.EmployeeTest" name="Data.Tests.EmployeeTest.When_EmployeeIsInstantiatedWithStartDateGreaterThanNowAndEndDateGreaterThanNow_Then_IsActiveShouldReturnFalse" /></UnitTest><UnitTest name="Data.Tests.ProductTest.When_ProductIsInstantiatedWithPrice10AndVat20_Then_ComputeVatShouldReturn2" storage="c:\users\andrew\desktop\costandache mihai-andrei a1 - laborator 1 (test framework diferit)\data.tests\bin\debug\netcoreapp2.1\data.tests.dll" id="a422697f-1786-4003-af7c-98bd0279c80d"><Execution id="dfe6a459-845f-4582-9e94-99ae0bfcae32" /><TestMethod codeBase="C:\Users\andrew\Desktop\Costandache Mihai-Andrei A1 - laborator 1 (test framework diferit)\Data.Tests\bin\Debug\netcoreapp2.1\Data.Tests.dll" adapterTypeName="executor://xunit/VsTestRunner2/netcoreapp" className="Data.Tests.ProductTest" name="Data.Tests.ProductTest.When_ProductIsInstantiatedWithPrice10AndVat20_Then_ComputeVatShouldReturn2" /></UnitTest><UnitTest name="Data.Tests.EmployeeTest.When_EmployeeIsInstantiatedWithFirstNameJohnAndLastNameDoe_Then_GetFullNameShouldReturnJohn_Doe" storage="c:\users\andrew\desktop\costandache mihai-andrei a1 - laborator 1 (test framework diferit)\data.tests\bin\debug\netcoreapp2.1\data.tests.dll" id="e3df3ee3-755c-4d1e-bf87-e537fd4b56f7"><Execution id="5b802ffc-7657-465a-9c7f-9fa408338b25" /><TestMethod codeBase="C:\Users\andrew\Desktop\Costandache Mihai-Andrei A1 - laborator 1 (test framework diferit)\Data.Tests\bin\Debug\netcoreapp2.1\Data.Tests.dll" adapterTypeName="executor://xunit/VsTestRunner2/netcoreapp" className="Data.Tests.EmployeeTest" name="Data.Tests.EmployeeTest.When_EmployeeIsInstantiatedWithFirstNameJohnAndLastNameDoe_Then_GetFullNameShouldReturnJohn_Doe" /></UnitTest><UnitTest name="Data.Tests.ProductTest.When_ProductIsInstantiatedWithEndDateGreaterThenStartDate_Then_IsValidShouldReturnTrue" storage="c:\users\andrew\desktop\costandache mihai-andrei a1 - laborator 1 (test framework diferit)\data.tests\bin\debug\netcoreapp2.1\data.tests.dll" id="b8a5721c-30ab-4e16-bb5b-02318b59c310"><Execution id="49f4ac33-43f0-4e85-bfc0-a3ab7d3403ab" /><TestMethod codeBase="C:\Users\andrew\Desktop\Costandache Mihai-Andrei A1 - laborator 1 (test framework diferit)\Data.Tests\bin\Debug\netcoreapp2.1\Data.Tests.dll" adapterTypeName="executor://xunit/VsTestRunner2/netcoreapp" className="Data.Tests.ProductTest" name="Data.Tests.ProductTest.When_ProductIsInstantiatedWithEndDateGreaterThenStartDate_Then_IsValidShouldReturnTrue" /></UnitTest><UnitTest name="Data.Tests.EmployeeTest.When_EmployeeIsInstantiatedWithStartDateSmallerThanNowAndEndDateGreaterThanNow_Then_IsActiveShouldReturnTrue" storage="c:\users\andrew\desktop\costandache mihai-andrei a1 - laborator 1 (test framework diferit)\data.tests\bin\debug\netcoreapp2.1\data.tests.dll" id="b8bfd482-9394-49ce-b444-ad470064825b"><Execution id="51f33770-c153-4a61-9a0a-af3c50ca30c4" /><TestMethod codeBase="C:\Users\andrew\Desktop\Costandache Mihai-Andrei A1 - laborator 1 (test framework diferit)\Data.Tests\bin\Debug\netcoreapp2.1\Data.Tests.dll" adapterTypeName="executor://xunit/VsTestRunner2/netcoreapp" className="Data.Tests.EmployeeTest" name="Data.Tests.EmployeeTest.When_EmployeeIsInstantiatedWithStartDateSmallerThanNowAndEndDateGreaterThanNow_Then_IsActiveShouldReturnTrue" /></UnitTest><UnitTest name="Data.Tests.EmployeeTest.When_EmployeeIsInstantiatedWithStartDateSmallerThanNowAndEndDateSmallerThanNow_Then_IsActiveShouldReturnFalse" storage="c:\users\andrew\desktop\costandache mihai-andrei a1 - laborator 1 (test framework diferit)\data.tests\bin\debug\netcoreapp2.1\data.tests.dll" id="c6d1e302-5640-413d-81f2-b79e430349c5"><Execution id="30106b22-a7a2-4fb9-9b44-25e7ef75b72b" /><TestMethod codeBase="C:\Users\andrew\Desktop\Costandache Mihai-Andrei A1 - laborator 1 (test framework diferit)\Data.Tests\bin\Debug\netcoreapp2.1\Data.Tests.dll" adapterTypeName="executor://xunit/VsTestRunner2/netcoreapp" className="Data.Tests.EmployeeTest" name="Data.Tests.EmployeeTest.When_EmployeeIsInstantiatedWithStartDateSmallerThanNowAndEndDateSmallerThanNow_Then_IsActiveShouldReturnFalse" /></UnitTest><UnitTest name="Data.Tests.ProductTest.When_ProductIsInstantiatedWithEndDateSmallerThenStartDate_Then_IsValidShouldReturnFalse" storage="c:\users\andrew\desktop\costandache mihai-andrei a1 - laborator 1 (test framework diferit)\data.tests\bin\debug\netcoreapp2.1\data.tests.dll" id="035db716-6bc2-4137-b87b-3601a19eb66a"><Execution id="e4e665a3-9076-4ad9-912e-585cbcd208ba" /><TestMethod codeBase="C:\Users\andrew\Desktop\Costandache Mihai-Andrei A1 - laborator 1 (test framework diferit)\Data.Tests\bin\Debug\netcoreapp2.1\Data.Tests.dll" adapterTypeName="executor://xunit/VsTestRunner2/netcoreapp" className="Data.Tests.ProductTest" name="Data.Tests.ProductTest.When_ProductIsInstantiatedWithEndDateSmallerThenStartDate_Then_IsValidShouldReturnFalse" /></UnitTest><UnitTest name="Data.Tests.EmployeeTest.When_EmployeeIsInstantiatedWithStartDateGreaterThanNowAndEndDateSmallerThanNow_Then_IsActiveShouldReturnFalse" storage="c:\users\andrew\desktop\costandache mihai-andrei a1 - laborator 1 (test framework diferit)\data.tests\bin\debug\netcoreapp2.1\data.tests.dll" id="084d05f1-55e4-43fb-9938-45e777b7c411"><Execution id="71092326-ebc1-44f7-b52f-002a226848fa" /><TestMethod codeBase="C:\Users\andrew\Desktop\Costandache Mihai-Andrei A1 - laborator 1 (test framework diferit)\Data.Tests\bin\Debug\netcoreapp2.1\Data.Tests.dll" adapterTypeName="executor://xunit/VsTestRunner2/netcoreapp" className="Data.Tests.EmployeeTest" name="Data.Tests.EmployeeTest.When_EmployeeIsInstantiatedWithStartDateGreaterThanNowAndEndDateSmallerThanNow_Then_IsActiveShouldReturnFalse" /></UnitTest><UnitTest name="Data.Tests.ProductTest.When_ProductIsInstantiated_Then_Check" storage="c:\users\andrew\desktop\costandache mihai-andrei a1 - laborator 1 (test framework diferit)\data.tests\bin\debug\netcoreapp2.1\data.tests.dll" id="206ff08a-ac14-4baf-ad1c-dcd494ffb007"><Execution id="ca58b8a2-5c62-47a6-be2a-2a5a872c9373" /><TestMethod codeBase="C:\Users\andrew\Desktop\Costandache Mihai-Andrei A1 - laborator 1 (test framework diferit)\Data.Tests\bin\Debug\netcoreapp2.1\Data.Tests.dll" adapterTypeName="executor://xunit/VsTestRunner2/netcoreapp" className="Data.Tests.ProductTest" name="Data.Tests.ProductTest.When_ProductIsInstantiated_Then_Check" /></UnitTest><UnitTest name="Data.Tests.EmployeeTest.When_EmployeeIsInstantiated_Then_Check" storage="c:\users\andrew\desktop\costandache mihai-andrei a1 - laborator 1 (test framework diferit)\data.tests\bin\debug\netcoreapp2.1\data.tests.dll" id="0577bffe-b84d-4b60-a4f5-87839bb7958d"><Execution id="67fcbd92-4e3e-4e04-af52-9778b9b42172" /><TestMethod codeBase="C:\Users\andrew\Desktop\Costandache Mihai-Andrei A1 - laborator 1 (test framework diferit)\Data.Tests\bin\Debug\netcoreapp2.1\Data.Tests.dll" adapterTypeName="executor://xunit/VsTestRunner2/netcoreapp" className="Data.Tests.EmployeeTest" name="Data.Tests.EmployeeTest.When_EmployeeIsInstantiated_Then_Check" /></UnitTest><UnitTest name="Data.Tests.ManagerTest.When_ManagerIsInstantiated_Then_Check" storage="c:\users\andrew\desktop\costandache mihai-andrei a1 - laborator 1 (test framework diferit)\data.tests\bin\debug\netcoreapp2.1\data.tests.dll" id="5c608852-d727-439a-bc30-dc88347cd945"><Execution id="59953317-1010-4400-b895-7c055cc1d225" /><TestMethod codeBase="C:\Users\andrew\Desktop\Costandache Mihai-Andrei A1 - laborator 1 (test framework diferit)\Data.Tests\bin\Debug\netcoreapp2.1\Data.Tests.dll" adapterTypeName="executor://xunit/VsTestRunner2/netcoreapp" className="Data.Tests.ManagerTest" name="Data.Tests.ManagerTest.When_ManagerIsInstantiated_Then_Check" /></UnitTest></TestDefinitions><TestEntries><TestEntry testId="b8a5721c-30ab-4e16-bb5b-02318b59c310" executionId="49f4ac33-43f0-4e85-bfc0-a3ab7d3403ab" testListId="8c84fa94-04c1-424b-9868-57a2d4851a1d" /><TestEntry testId="29a43575-422c-4c53-8722-7c09db7afccf" executionId="19b65782-be21-4a70-99b9-56ee561547e6" testListId="8c84fa94-04c1-424b-9868-57a2d4851a1d" /><TestEntry testId="e3df3ee3-755c-4d1e-bf87-e537fd4b56f7" executionId="5b802ffc-7657-465a-9c7f-9fa408338b25" testListId="8c84fa94-04c1-424b-9868-57a2d4851a1d" /><TestEntry testId="c6d1e302-5640-413d-81f2-b79e430349c5" executionId="30106b22-a7a2-4fb9-9b44-25e7ef75b72b" testListId="8c84fa94-04c1-424b-9868-57a2d4851a1d" /><TestEntry testId="5c608852-d727-439a-bc30-dc88347cd945" executionId="59953317-1010-4400-b895-7c055cc1d225" testListId="8c84fa94-04c1-424b-9868-57a2d4851a1d" /><TestEntry testId="084d05f1-55e4-43fb-9938-45e777b7c411" executionId="71092326-ebc1-44f7-b52f-002a226848fa" testListId="8c84fa94-04c1-424b-9868-57a2d4851a1d" /><TestEntry testId="b8bfd482-9394-49ce-b444-ad470064825b" executionId="51f33770-c153-4a61-9a0a-af3c50ca30c4" testListId="8c84fa94-04c1-424b-9868-57a2d4851a1d" /><TestEntry testId="206ff08a-ac14-4baf-ad1c-dcd494ffb007" executionId="ca58b8a2-5c62-47a6-be2a-2a5a872c9373" testListId="8c84fa94-04c1-424b-9868-57a2d4851a1d" /><TestEntry testId="0577bffe-b84d-4b60-a4f5-87839bb7958d" executionId="67fcbd92-4e3e-4e04-af52-9778b9b42172" testListId="8c84fa94-04c1-424b-9868-57a2d4851a1d" /><TestEntry testId="035db716-6bc2-4137-b87b-3601a19eb66a" executionId="e4e665a3-9076-4ad9-912e-585cbcd208ba" testListId="8c84fa94-04c1-424b-9868-57a2d4851a1d" /><TestEntry testId="b2e5eda2-87a7-4eb5-a394-65b918f04077" executionId="d94e209b-0082-4e7e-994f-f5c71f69e9fd" testListId="8c84fa94-04c1-424b-9868-57a2d4851a1d" /><TestEntry testId="a422697f-1786-4003-af7c-98bd0279c80d" executionId="dfe6a459-845f-4582-9e94-99ae0bfcae32" testListId="8c84fa94-04c1-424b-9868-57a2d4851a1d" /></TestEntries><TestLists><TestList name="Results Not in a List" id="8c84fa94-04c1-424b-9868-57a2d4851a1d" /><TestList name="All Loaded Results" id="19431567-8539-422a-85d7-44ee4e166bda" /></TestLists><ResultSummary outcome="Completed"><Counters total="12" executed="12" passed="12" failed="0" error="0" timeout="0" aborted="0" inconclusive="0" passedButRunAborted="0" notRunnable="0" notExecuted="0" disconnected="0" warning="0" completed="0" inProgress="0" pending="0" /><Output><StdOut>[xUnit.net 00:00:00.5403370]   Discovering: Data.Tests[xUnit.net 00:00:00.6007878]   Discovered:  Data.Tests[xUnit.net 00:00:00.6063328]   Starting:    Data.Tests[xUnit.net 00:00:00.8331597]   Finished:    Data.Tests</StdOut></Output></ResultSummary></TestRun>