<?xml version="1.0" encoding="utf-8"?><TestRun id="c655c443-add0-404f-8033-b362b543fe18" name="andrew@ANDREW97 2018-10-06 21:41:00" runUser="ANDREW97\andrew" xmlns="http://microsoft.com/schemas/VisualStudio/TeamTest/2010"><Times creation="2018-10-06T21:41:00.3453420+03:00" queuing="2018-10-06T21:41:00.3453420+03:00" start="2018-10-06T21:40:59.2228821+03:00" finish="2018-10-06T21:41:00.4041386+03:00" /><TestSettings name="default" id="cce5bf01-064f-47ff-94c4-a08b34ef152a"><Deployment runDeploymentRoot="andrew_ANDREW97_2018-10-06_21_41_00" /></TestSettings><Results><UnitTestResult executionId="ab95f529-fc7a-4e91-ab32-3cf24e061373" testId="48861f68-6084-f96a-dd83-f6185a1edbb9" testName="When_ManagerIsInstantiatedWithFirstNameJohnAndLastNameDoe_Then_GetFullNameShouldReturnJohn_Doe" computerName="ANDREW97" duration="00:00:00.0001582" startTime="2018-10-06T21:41:00.1583609+03:00" endTime="2018-10-06T21:41:00.1586085+03:00" testType="13cdc9d9-ddb5-4fa4-a97d-d965ccfc6d4b" outcome="Passed" testListId="8c84fa94-04c1-424b-9868-57a2d4851a1d" relativeResultsDirectory="ab95f529-fc7a-4e91-ab32-3cf24e061373" /><UnitTestResult executionId="eb0eea4d-d490-4d86-b81a-9d59897d8ab5" testId="d5756041-1d10-fc37-ba06-e8ec8347b053" testName="When_ProductIsInstanciatedWithEndDateGreaterThenStartDate_Then_IsValidShouldReturnTrue" computerName="ANDREW97" duration="00:00:00.0002595" startTime="2018-10-06T21:41:00.2358293+03:00" endTime="2018-10-06T21:41:00.2361731+03:00" testType="13cdc9d9-ddb5-4fa4-a97d-d965ccfc6d4b" outcome="Passed" testListId="8c84fa94-04c1-424b-9868-57a2d4851a1d" relativeResultsDirectory="eb0eea4d-d490-4d86-b81a-9d59897d8ab5" /><UnitTestResult executionId="fccb1c82-117a-428a-85e6-e15f948f1b89" testId="930dfa41-c785-609f-c0e4-9f13aacd7ac5" testName="When_ProductIsInstantiated_Then_Check" computerName="ANDREW97" duration="00:00:00.0041234" startTime="2018-10-06T21:41:00.2305341+03:00" endTime="2018-10-06T21:41:00.2348590+03:00" testType="13cdc9d9-ddb5-4fa4-a97d-d965ccfc6d4b" outcome="Passed" testListId="8c84fa94-04c1-424b-9868-57a2d4851a1d" relativeResultsDirectory="fccb1c82-117a-428a-85e6-e15f948f1b89" /><UnitTestResult executionId="ec03949b-dec1-4e6b-9897-793a4820fc7d" testId="a88aeb87-4b7c-b847-bea6-d90e414c8309" testName="When_ArchitectIsInstantiatedWithFirstNameJohnAndLastNameDoe_Then_GetFullNameShouldReturnJohn_Doe" computerName="ANDREW97" duration="00:00:00.0036970" startTime="2018-10-06T21:41:00.1510642+03:00" endTime="2018-10-06T21:41:00.1549105+03:00" testType="13cdc9d9-ddb5-4fa4-a97d-d965ccfc6d4b" outcome="Passed" testListId="8c84fa94-04c1-424b-9868-57a2d4851a1d" relativeResultsDirectory="ec03949b-dec1-4e6b-9897-793a4820fc7d" /><UnitTestResult executionId="0f402a17-98ca-4af6-bb3a-f2421a2b3bbf" testId="63f41583-b182-65da-20c7-1dbabee3ec25" testName="When_ArchitectIsInstantiated_Then_Check" computerName="ANDREW97" duration="00:00:00.0175753" startTime="2018-10-06T21:41:00.0756806+03:00" endTime="2018-10-06T21:41:00.1372916+03:00" testType="13cdc9d9-ddb5-4fa4-a97d-d965ccfc6d4b" outcome="Passed" testListId="8c84fa94-04c1-424b-9868-57a2d4851a1d" relativeResultsDirectory="0f402a17-98ca-4af6-bb3a-f2421a2b3bbf" /><UnitTestResult executionId="ea12fcd3-8898-473c-bcbb-90a763429616" testId="813078c7-e4b5-b655-af7b-5b3bfa91254c" testName="When_ManagerIsInstantiatedWithStartDateGreaterThanNowAndEndDateGreaterThanNow_Then_IsActiveShouldReturnFalse" computerName="ANDREW97" duration="00:00:00.0002591" startTime="2018-10-06T21:41:00.2294851+03:00" endTime="2018-10-06T21:41:00.2298678+03:00" testType="13cdc9d9-ddb5-4fa4-a97d-d965ccfc6d4b" outcome="Passed" testListId="8c84fa94-04c1-424b-9868-57a2d4851a1d" relativeResultsDirectory="ea12fcd3-8898-473c-bcbb-90a763429616" /><UnitTestResult executionId="cbc708d4-378d-4dd6-8af6-3b2084127537" testId="65960b45-2371-8dab-4192-601e9273d939" testName="When_ProductIsInstantiatedWithPrice10AndVat20_Then_ComputeVatShouldReturn2" computerName="ANDREW97" duration="00:00:00.0008163" startTime="2018-10-06T21:41:00.2348902+03:00" endTime="2018-10-06T21:41:00.2358126+03:00" testType="13cdc9d9-ddb5-4fa4-a97d-d965ccfc6d4b" outcome="Passed" testListId="8c84fa94-04c1-424b-9868-57a2d4851a1d" relativeResultsDirectory="cbc708d4-378d-4dd6-8af6-3b2084127537" /><UnitTestResult executionId="a466d60b-1542-4aea-be6b-7274b5198bac" testId="6afde68e-37b3-3a8f-bd70-9cc34b573dec" testName="When_ArchitectIsInstantiatedWithStartDateSmallerThanNowAndEndDateGreaterThanNow_Then_IsActiveShouldReturnTrue" computerName="ANDREW97" duration="00:00:00.0010601" startTime="2018-10-06T21:41:00.1549546+03:00" endTime="2018-10-06T21:41:00.1560884+03:00" testType="13cdc9d9-ddb5-4fa4-a97d-d965ccfc6d4b" outcome="Passed" testListId="8c84fa94-04c1-424b-9868-57a2d4851a1d" relativeResultsDirectory="a466d60b-1542-4aea-be6b-7274b5198bac" /><UnitTestResult executionId="28941a08-032d-4d41-9093-45c361085c37" testId="68debdca-c070-58b0-867d-cd26cec2b606" testName="When_ProductIsInstanciatedWithEndDateSmallerThenStartDate_Then_IsValidShouldReturnFalse" computerName="ANDREW97" duration="00:00:00.0002377" startTime="2018-10-06T21:41:00.2361855+03:00" endTime="2018-10-06T21:41:00.2364935+03:00" testType="13cdc9d9-ddb5-4fa4-a97d-d965ccfc6d4b" outcome="Passed" testListId="8c84fa94-04c1-424b-9868-57a2d4851a1d" relativeResultsDirectory="28941a08-032d-4d41-9093-45c361085c37" /><UnitTestResult executionId="38a04cc8-d914-48fe-88e6-136ad4d68d7a" testId="07c16363-0fad-ca84-7e6a-bb884fffcd0b" testName="When_ManagerIsInstantiated_Then_Check" computerName="ANDREW97" duration="00:00:00.0009763" startTime="2018-10-06T21:41:00.1571049+03:00" endTime="2018-10-06T21:41:00.1583417+03:00" testType="13cdc9d9-ddb5-4fa4-a97d-d965ccfc6d4b" outcome="Passed" testListId="8c84fa94-04c1-424b-9868-57a2d4851a1d" relativeResultsDirectory="38a04cc8-d914-48fe-88e6-136ad4d68d7a" /><UnitTestResult executionId="5cac3f57-45d8-433c-b4b3-2d07a7d0bc94" testId="de09e7cd-1bab-4ca5-fe1e-8cd57e684c91" testName="When_ManagerIsInstantiatedWithStartDateSmallerThanNowAndEndDateGreaterThanNow_Then_IsActiveShouldReturnTrue" computerName="ANDREW97" duration="00:00:00.0001347" startTime="2018-10-06T21:41:00.1586222+03:00" endTime="2018-10-06T21:41:00.1588198+03:00" testType="13cdc9d9-ddb5-4fa4-a97d-d965ccfc6d4b" outcome="Passed" testListId="8c84fa94-04c1-424b-9868-57a2d4851a1d" relativeResultsDirectory="5cac3f57-45d8-433c-b4b3-2d07a7d0bc94" /><UnitTestResult executionId="80107e11-d54d-4c05-a349-a6705529d4d1" testId="ae354fde-4324-9a5e-51e0-b90bf8fc0480" testName="When_ManagerIsInstantiatedWithStartDateSmallerThanNowAndEndDateSmallerThanNow_Then_IsActiveShouldReturnFalse" computerName="ANDREW97" duration="00:00:00.0002377" startTime="2018-10-06T21:41:00.2298862+03:00" endTime="2018-10-06T21:41:00.2302061+03:00" testType="13cdc9d9-ddb5-4fa4-a97d-d965ccfc6d4b" outcome="Passed" testListId="8c84fa94-04c1-424b-9868-57a2d4851a1d" relativeResultsDirectory="80107e11-d54d-4c05-a349-a6705529d4d1" /><UnitTestResult executionId="57c03790-9639-45d4-baef-4ee9c6a512f2" testId="29291246-4968-c37b-cb8d-58e4c4863dcb" testName="When_ArchitectIsInstantiatedWithStartDateSmallerThanNowAndEndDateSmallerThanNow_Then_IsActiveShouldReturnFalse" computerName="ANDREW97" duration="00:00:00.0002296" startTime="2018-10-06T21:41:00.1564621+03:00" endTime="2018-10-06T21:41:00.1567649+03:00" testType="13cdc9d9-ddb5-4fa4-a97d-d965ccfc6d4b" outcome="Passed" testListId="8c84fa94-04c1-424b-9868-57a2d4851a1d" relativeResultsDirectory="57c03790-9639-45d4-baef-4ee9c6a512f2" /><UnitTestResult executionId="37b40a7a-ead7-4da4-a666-d2938fd83531" testId="f2b3e541-726a-43bd-4f06-67c994da1a93" testName="When_ArchitectIsInstantiatedWithStartDateGreaterThanNowAndEndDateGreaterThanNow_Then_IsActiveShouldReturnFalse" computerName="ANDREW97" duration="00:00:00.0002638" startTime="2018-10-06T21:41:00.1561050+03:00" endTime="2018-10-06T21:41:00.1564463+03:00" testType="13cdc9d9-ddb5-4fa4-a97d-d965ccfc6d4b" outcome="Passed" testListId="8c84fa94-04c1-424b-9868-57a2d4851a1d" relativeResultsDirectory="37b40a7a-ead7-4da4-a666-d2938fd83531" /><UnitTestResult executionId="ec2102e9-20fd-4372-8f66-f4d90b4ac868" testId="a329bfe4-8670-6ac5-d431-de22d8fc55fb" testName="When_ArchitectIsInstantiatedWithStartDateGreaterThanNowAndEndDateSmallerThanNow_Then_IsActiveShouldReturnFalse" computerName="ANDREW97" duration="00:00:00.0002471" startTime="2018-10-06T21:41:00.1567782+03:00" endTime="2018-10-06T21:41:00.1570921+03:00" testType="13cdc9d9-ddb5-4fa4-a97d-d965ccfc6d4b" outcome="Passed" testListId="8c84fa94-04c1-424b-9868-57a2d4851a1d" relativeResultsDirectory="ec2102e9-20fd-4372-8f66-f4d90b4ac868" /><UnitTestResult executionId="ccbdd842-1ce4-4e4a-a61b-3e6228784ac5" testId="221b9e9f-8a56-33dd-22a4-20d4ff59edea" testName="When_ManagerIsInstantiatedWithStartDateGreaterThanNowAndEndDateSmallerThanNow_Then_IsActiveShouldReturnFalse" computerName="ANDREW97" duration="00:00:00.0002236" startTime="2018-10-06T21:41:00.2302194+03:00" endTime="2018-10-06T21:41:00.2305222+03:00" testType="13cdc9d9-ddb5-4fa4-a97d-d965ccfc6d4b" outcome="Passed" testListId="8c84fa94-04c1-424b-9868-57a2d4851a1d" relativeResultsDirectory="ccbdd842-1ce4-4e4a-a61b-3e6228784ac5" /></Results><TestDefinitions><UnitTest name="When_ArchitectIsInstantiatedWithStartDateSmallerThanNowAndEndDateGreaterThanNow_Then_IsActiveShouldReturnTrue" storage="c:\users\andrew\desktop\costandache mihai-andrei a1 - laborator 1\data.tests\bin\debug\netcoreapp2.1\data.tests.dll" id="6afde68e-37b3-3a8f-bd70-9cc34b573dec"><Execution id="a466d60b-1542-4aea-be6b-7274b5198bac" /><TestMethod codeBase="C:\Users\andrew\Desktop\Costandache Mihai-Andrei A1 - laborator 1\Data.Tests\bin\Debug\netcoreapp2.1\Data.Tests.dll" adapterTypeName="executor://mstestadapter/v2" className="Data.Tests.ArchitectTest" name="When_ArchitectIsInstantiatedWithStartDateSmallerThanNowAndEndDateGreaterThanNow_Then_IsActiveShouldReturnTrue" /></UnitTest><UnitTest name="When_ManagerIsInstantiatedWithStartDateGreaterThanNowAndEndDateSmallerThanNow_Then_IsActiveShouldReturnFalse" storage="c:\users\andrew\desktop\costandache mihai-andrei a1 - laborator 1\data.tests\bin\debug\netcoreapp2.1\data.tests.dll" id="221b9e9f-8a56-33dd-22a4-20d4ff59edea"><Execution id="ccbdd842-1ce4-4e4a-a61b-3e6228784ac5" /><TestMethod codeBase="C:\Users\andrew\Desktop\Costandache Mihai-Andrei A1 - laborator 1\Data.Tests\bin\Debug\netcoreapp2.1\Data.Tests.dll" adapterTypeName="executor://mstestadapter/v2" className="Data.Tests.ManagerTest" name="When_ManagerIsInstantiatedWithStartDateGreaterThanNowAndEndDateSmallerThanNow_Then_IsActiveShouldReturnFalse" /></UnitTest><UnitTest name="When_ManagerIsInstantiated_Then_Check" storage="c:\users\andrew\desktop\costandache mihai-andrei a1 - laborator 1\data.tests\bin\debug\netcoreapp2.1\data.tests.dll" id="07c16363-0fad-ca84-7e6a-bb884fffcd0b"><Execution id="38a04cc8-d914-48fe-88e6-136ad4d68d7a" /><TestMethod codeBase="C:\Users\andrew\Desktop\Costandache Mihai-Andrei A1 - laborator 1\Data.Tests\bin\Debug\netcoreapp2.1\Data.Tests.dll" adapterTypeName="executor://mstestadapter/v2" className="Data.Tests.ManagerTest" name="When_ManagerIsInstantiated_Then_Check" /></UnitTest><UnitTest name="When_ArchitectIsInstantiatedWithFirstNameJohnAndLastNameDoe_Then_GetFullNameShouldReturnJohn_Doe" storage="c:\users\andrew\desktop\costandache mihai-andrei a1 - laborator 1\data.tests\bin\debug\netcoreapp2.1\data.tests.dll" id="a88aeb87-4b7c-b847-bea6-d90e414c8309"><Execution id="ec03949b-dec1-4e6b-9897-793a4820fc7d" /><TestMethod codeBase="C:\Users\andrew\Desktop\Costandache Mihai-Andrei A1 - laborator 1\Data.Tests\bin\Debug\netcoreapp2.1\Data.Tests.dll" adapterTypeName="executor://mstestadapter/v2" className="Data.Tests.ArchitectTest" name="When_ArchitectIsInstantiatedWithFirstNameJohnAndLastNameDoe_Then_GetFullNameShouldReturnJohn_Doe" /></UnitTest><UnitTest name="When_ManagerIsInstantiatedWithFirstNameJohnAndLastNameDoe_Then_GetFullNameShouldReturnJohn_Doe" storage="c:\users\andrew\desktop\costandache mihai-andrei a1 - laborator 1\data.tests\bin\debug\netcoreapp2.1\data.tests.dll" id="48861f68-6084-f96a-dd83-f6185a1edbb9"><Execution id="ab95f529-fc7a-4e91-ab32-3cf24e061373" /><TestMethod codeBase="C:\Users\andrew\Desktop\Costandache Mihai-Andrei A1 - laborator 1\Data.Tests\bin\Debug\netcoreapp2.1\Data.Tests.dll" adapterTypeName="executor://mstestadapter/v2" className="Data.Tests.ManagerTest" name="When_ManagerIsInstantiatedWithFirstNameJohnAndLastNameDoe_Then_GetFullNameShouldReturnJohn_Doe" /></UnitTest><UnitTest name="When_ProductIsInstanciatedWithEndDateGreaterThenStartDate_Then_IsValidShouldReturnTrue" storage="c:\users\andrew\desktop\costandache mihai-andrei a1 - laborator 1\data.tests\bin\debug\netcoreapp2.1\data.tests.dll" id="d5756041-1d10-fc37-ba06-e8ec8347b053"><Execution id="eb0eea4d-d490-4d86-b81a-9d59897d8ab5" /><TestMethod codeBase="C:\Users\andrew\Desktop\Costandache Mihai-Andrei A1 - laborator 1\Data.Tests\bin\Debug\netcoreapp2.1\Data.Tests.dll" adapterTypeName="executor://mstestadapter/v2" className="Data.Tests.ProductTest" name="When_ProductIsInstanciatedWithEndDateGreaterThenStartDate_Then_IsValidShouldReturnTrue" /></UnitTest><UnitTest name="When_ArchitectIsInstantiatedWithStartDateGreaterThanNowAndEndDateSmallerThanNow_Then_IsActiveShouldReturnFalse" storage="c:\users\andrew\desktop\costandache mihai-andrei a1 - laborator 1\data.tests\bin\debug\netcoreapp2.1\data.tests.dll" id="a329bfe4-8670-6ac5-d431-de22d8fc55fb"><Execution id="ec2102e9-20fd-4372-8f66-f4d90b4ac868" /><TestMethod codeBase="C:\Users\andrew\Desktop\Costandache Mihai-Andrei A1 - laborator 1\Data.Tests\bin\Debug\netcoreapp2.1\Data.Tests.dll" adapterTypeName="executor://mstestadapter/v2" className="Data.Tests.ArchitectTest" name="When_ArchitectIsInstantiatedWithStartDateGreaterThanNowAndEndDateSmallerThanNow_Then_IsActiveShouldReturnFalse" /></UnitTest><UnitTest name="When_ProductIsInstanciatedWithEndDateSmallerThenStartDate_Then_IsValidShouldReturnFalse" storage="c:\users\andrew\desktop\costandache mihai-andrei a1 - laborator 1\data.tests\bin\debug\netcoreapp2.1\data.tests.dll" id="68debdca-c070-58b0-867d-cd26cec2b606"><Execution id="28941a08-032d-4d41-9093-45c361085c37" /><TestMethod codeBase="C:\Users\andrew\Desktop\Costandache Mihai-Andrei A1 - laborator 1\Data.Tests\bin\Debug\netcoreapp2.1\Data.Tests.dll" adapterTypeName="executor://mstestadapter/v2" className="Data.Tests.ProductTest" name="When_ProductIsInstanciatedWithEndDateSmallerThenStartDate_Then_IsValidShouldReturnFalse" /></UnitTest><UnitTest name="When_ManagerIsInstantiatedWithStartDateSmallerThanNowAndEndDateSmallerThanNow_Then_IsActiveShouldReturnFalse" storage="c:\users\andrew\desktop\costandache mihai-andrei a1 - laborator 1\data.tests\bin\debug\netcoreapp2.1\data.tests.dll" id="ae354fde-4324-9a5e-51e0-b90bf8fc0480"><Execution id="80107e11-d54d-4c05-a349-a6705529d4d1" /><TestMethod codeBase="C:\Users\andrew\Desktop\Costandache Mihai-Andrei A1 - laborator 1\Data.Tests\bin\Debug\netcoreapp2.1\Data.Tests.dll" adapterTypeName="executor://mstestadapter/v2" className="Data.Tests.ManagerTest" name="When_ManagerIsInstantiatedWithStartDateSmallerThanNowAndEndDateSmallerThanNow_Then_IsActiveShouldReturnFalse" /></UnitTest><UnitTest name="When_ProductIsInstantiated_Then_Check" storage="c:\users\andrew\desktop\costandache mihai-andrei a1 - laborator 1\data.tests\bin\debug\netcoreapp2.1\data.tests.dll" id="930dfa41-c785-609f-c0e4-9f13aacd7ac5"><Execution id="fccb1c82-117a-428a-85e6-e15f948f1b89" /><TestMethod codeBase="C:\Users\andrew\Desktop\Costandache Mihai-Andrei A1 - laborator 1\Data.Tests\bin\Debug\netcoreapp2.1\Data.Tests.dll" adapterTypeName="executor://mstestadapter/v2" className="Data.Tests.ProductTest" name="When_ProductIsInstantiated_Then_Check" /></UnitTest><UnitTest name="When_ProductIsInstantiatedWithPrice10AndVat20_Then_ComputeVatShouldReturn2" storage="c:\users\andrew\desktop\costandache mihai-andrei a1 - laborator 1\data.tests\bin\debug\netcoreapp2.1\data.tests.dll" id="65960b45-2371-8dab-4192-601e9273d939"><Execution id="cbc708d4-378d-4dd6-8af6-3b2084127537" /><TestMethod codeBase="C:\Users\andrew\Desktop\Costandache Mihai-Andrei A1 - laborator 1\Data.Tests\bin\Debug\netcoreapp2.1\Data.Tests.dll" adapterTypeName="executor://mstestadapter/v2" className="Data.Tests.ProductTest" name="When_ProductIsInstantiatedWithPrice10AndVat20_Then_ComputeVatShouldReturn2" /></UnitTest><UnitTest name="When_ArchitectIsInstantiatedWithStartDateGreaterThanNowAndEndDateGreaterThanNow_Then_IsActiveShouldReturnFalse" storage="c:\users\andrew\desktop\costandache mihai-andrei a1 - laborator 1\data.tests\bin\debug\netcoreapp2.1\data.tests.dll" id="f2b3e541-726a-43bd-4f06-67c994da1a93"><Execution id="37b40a7a-ead7-4da4-a666-d2938fd83531" /><TestMethod codeBase="C:\Users\andrew\Desktop\Costandache Mihai-Andrei A1 - laborator 1\Data.Tests\bin\Debug\netcoreapp2.1\Data.Tests.dll" adapterTypeName="executor://mstestadapter/v2" className="Data.Tests.ArchitectTest" name="When_ArchitectIsInstantiatedWithStartDateGreaterThanNowAndEndDateGreaterThanNow_Then_IsActiveShouldReturnFalse" /></UnitTest><UnitTest name="When_ArchitectIsInstantiatedWithStartDateSmallerThanNowAndEndDateSmallerThanNow_Then_IsActiveShouldReturnFalse" storage="c:\users\andrew\desktop\costandache mihai-andrei a1 - laborator 1\data.tests\bin\debug\netcoreapp2.1\data.tests.dll" id="29291246-4968-c37b-cb8d-58e4c4863dcb"><Execution id="57c03790-9639-45d4-baef-4ee9c6a512f2" /><TestMethod codeBase="C:\Users\andrew\Desktop\Costandache Mihai-Andrei A1 - laborator 1\Data.Tests\bin\Debug\netcoreapp2.1\Data.Tests.dll" adapterTypeName="executor://mstestadapter/v2" className="Data.Tests.ArchitectTest" name="When_ArchitectIsInstantiatedWithStartDateSmallerThanNowAndEndDateSmallerThanNow_Then_IsActiveShouldReturnFalse" /></UnitTest><UnitTest name="When_ManagerIsInstantiatedWithStartDateSmallerThanNowAndEndDateGreaterThanNow_Then_IsActiveShouldReturnTrue" storage="c:\users\andrew\desktop\costandache mihai-andrei a1 - laborator 1\data.tests\bin\debug\netcoreapp2.1\data.tests.dll" id="de09e7cd-1bab-4ca5-fe1e-8cd57e684c91"><Execution id="5cac3f57-45d8-433c-b4b3-2d07a7d0bc94" /><TestMethod codeBase="C:\Users\andrew\Desktop\Costandache Mihai-Andrei A1 - laborator 1\Data.Tests\bin\Debug\netcoreapp2.1\Data.Tests.dll" adapterTypeName="executor://mstestadapter/v2" className="Data.Tests.ManagerTest" name="When_ManagerIsInstantiatedWithStartDateSmallerThanNowAndEndDateGreaterThanNow_Then_IsActiveShouldReturnTrue" /></UnitTest><UnitTest name="When_ManagerIsInstantiatedWithStartDateGreaterThanNowAndEndDateGreaterThanNow_Then_IsActiveShouldReturnFalse" storage="c:\users\andrew\desktop\costandache mihai-andrei a1 - laborator 1\data.tests\bin\debug\netcoreapp2.1\data.tests.dll" id="813078c7-e4b5-b655-af7b-5b3bfa91254c"><Execution id="ea12fcd3-8898-473c-bcbb-90a763429616" /><TestMethod codeBase="C:\Users\andrew\Desktop\Costandache Mihai-Andrei A1 - laborator 1\Data.Tests\bin\Debug\netcoreapp2.1\Data.Tests.dll" adapterTypeName="executor://mstestadapter/v2" className="Data.Tests.ManagerTest" name="When_ManagerIsInstantiatedWithStartDateGreaterThanNowAndEndDateGreaterThanNow_Then_IsActiveShouldReturnFalse" /></UnitTest><UnitTest name="When_ArchitectIsInstantiated_Then_Check" storage="c:\users\andrew\desktop\costandache mihai-andrei a1 - laborator 1\data.tests\bin\debug\netcoreapp2.1\data.tests.dll" id="63f41583-b182-65da-20c7-1dbabee3ec25"><Execution id="0f402a17-98ca-4af6-bb3a-f2421a2b3bbf" /><TestMethod codeBase="C:\Users\andrew\Desktop\Costandache Mihai-Andrei A1 - laborator 1\Data.Tests\bin\Debug\netcoreapp2.1\Data.Tests.dll" adapterTypeName="executor://mstestadapter/v2" className="Data.Tests.ArchitectTest" name="When_ArchitectIsInstantiated_Then_Check" /></UnitTest></TestDefinitions><TestEntries><TestEntry testId="48861f68-6084-f96a-dd83-f6185a1edbb9" executionId="ab95f529-fc7a-4e91-ab32-3cf24e061373" testListId="8c84fa94-04c1-424b-9868-57a2d4851a1d" /><TestEntry testId="d5756041-1d10-fc37-ba06-e8ec8347b053" executionId="eb0eea4d-d490-4d86-b81a-9d59897d8ab5" testListId="8c84fa94-04c1-424b-9868-57a2d4851a1d" /><TestEntry testId="930dfa41-c785-609f-c0e4-9f13aacd7ac5" executionId="fccb1c82-117a-428a-85e6-e15f948f1b89" testListId="8c84fa94-04c1-424b-9868-57a2d4851a1d" /><TestEntry testId="a88aeb87-4b7c-b847-bea6-d90e414c8309" executionId="ec03949b-dec1-4e6b-9897-793a4820fc7d" testListId="8c84fa94-04c1-424b-9868-57a2d4851a1d" /><TestEntry testId="63f41583-b182-65da-20c7-1dbabee3ec25" executionId="0f402a17-98ca-4af6-bb3a-f2421a2b3bbf" testListId="8c84fa94-04c1-424b-9868-57a2d4851a1d" /><TestEntry testId="813078c7-e4b5-b655-af7b-5b3bfa91254c" executionId="ea12fcd3-8898-473c-bcbb-90a763429616" testListId="8c84fa94-04c1-424b-9868-57a2d4851a1d" /><TestEntry testId="65960b45-2371-8dab-4192-601e9273d939" executionId="cbc708d4-378d-4dd6-8af6-3b2084127537" testListId="8c84fa94-04c1-424b-9868-57a2d4851a1d" /><TestEntry testId="6afde68e-37b3-3a8f-bd70-9cc34b573dec" executionId="a466d60b-1542-4aea-be6b-7274b5198bac" testListId="8c84fa94-04c1-424b-9868-57a2d4851a1d" /><TestEntry testId="68debdca-c070-58b0-867d-cd26cec2b606" executionId="28941a08-032d-4d41-9093-45c361085c37" testListId="8c84fa94-04c1-424b-9868-57a2d4851a1d" /><TestEntry testId="07c16363-0fad-ca84-7e6a-bb884fffcd0b" executionId="38a04cc8-d914-48fe-88e6-136ad4d68d7a" testListId="8c84fa94-04c1-424b-9868-57a2d4851a1d" /><TestEntry testId="de09e7cd-1bab-4ca5-fe1e-8cd57e684c91" executionId="5cac3f57-45d8-433c-b4b3-2d07a7d0bc94" testListId="8c84fa94-04c1-424b-9868-57a2d4851a1d" /><TestEntry testId="ae354fde-4324-9a5e-51e0-b90bf8fc0480" executionId="80107e11-d54d-4c05-a349-a6705529d4d1" testListId="8c84fa94-04c1-424b-9868-57a2d4851a1d" /><TestEntry testId="29291246-4968-c37b-cb8d-58e4c4863dcb" executionId="57c03790-9639-45d4-baef-4ee9c6a512f2" testListId="8c84fa94-04c1-424b-9868-57a2d4851a1d" /><TestEntry testId="f2b3e541-726a-43bd-4f06-67c994da1a93" executionId="37b40a7a-ead7-4da4-a666-d2938fd83531" testListId="8c84fa94-04c1-424b-9868-57a2d4851a1d" /><TestEntry testId="a329bfe4-8670-6ac5-d431-de22d8fc55fb" executionId="ec2102e9-20fd-4372-8f66-f4d90b4ac868" testListId="8c84fa94-04c1-424b-9868-57a2d4851a1d" /><TestEntry testId="221b9e9f-8a56-33dd-22a4-20d4ff59edea" executionId="ccbdd842-1ce4-4e4a-a61b-3e6228784ac5" testListId="8c84fa94-04c1-424b-9868-57a2d4851a1d" /></TestEntries><TestLists><TestList name="Results Not in a List" id="8c84fa94-04c1-424b-9868-57a2d4851a1d" /><TestList name="All Loaded Results" id="19431567-8539-422a-85d7-44ee4e166bda" /></TestLists><ResultSummary outcome="Completed"><Counters total="16" executed="16" passed="16" failed="0" error="0" timeout="0" aborted="0" inconclusive="0" passedButRunAborted="0" notRunnable="0" notExecuted="0" disconnected="0" warning="0" completed="0" inProgress="0" pending="0" /></ResultSummary></TestRun>